{
  "/Users/gleyvercastro/IA/src/__tests__/helpers/factories.ts": {
    "path": "/Users/gleyvercastro/IA/src/__tests__/helpers/factories.ts",
    "statementMap": {
      "0": { "start": { "line": 16, "column": 2 }, "end": { "line": 16, "column": null } },
      "1": { "start": { "line": 23, "column": 2 }, "end": { "line": 23, "column": null } },
      "2": { "start": { "line": 30, "column": 2 }, "end": { "line": 30, "column": null } },
      "3": { "start": { "line": 37, "column": 2 }, "end": { "line": 37, "column": null } },
      "4": { "start": { "line": 48, "column": 17 }, "end": { "line": 48, "column": null } },
      "5": { "start": { "line": 49, "column": 2 }, "end": { "line": 54, "column": null } },
      "6": { "start": { "line": 53, "column": 29 }, "end": { "line": 53, "column": null } },
      "7": { "start": { "line": 65, "column": 2 }, "end": { "line": 70, "column": null } },
      "8": { "start": { "line": 69, "column": 29 }, "end": { "line": 69, "column": null } },
      "9": { "start": { "line": 78, "column": 21 }, "end": { "line": 83, "column": null } },
      "10": { "start": { "line": 95, "column": 2 }, "end": { "line": 95, "column": null } },
      "11": { "start": { "line": 104, "column": 2 }, "end": { "line": 104, "column": null } },
      "12": { "start": { "line": 111, "column": 2 }, "end": { "line": 111, "column": null } },
      "13": { "start": { "line": 122, "column": 2 }, "end": { "line": 122, "column": null } },
      "14": { "start": { "line": 122, "column": 45 }, "end": { "line": 122, "column": 83 } },
      "15": { "start": { "line": 129, "column": 2 }, "end": { "line": 136, "column": null } },
      "16": { "start": { "line": 129, "column": 50 }, "end": { "line": 136, "column": 4 } },
      "17": { "start": { "line": 147, "column": 2 }, "end": { "line": 154, "column": null } },
      "18": { "start": { "line": 147, "column": 50 }, "end": { "line": 154, "column": 4 } }
    },
    "fnMap": {
      "0": {
        "name": "createTestQuery",
        "decl": { "start": { "line": 15, "column": 16 }, "end": { "line": 15, "column": 32 } },
        "loc": { "start": { "line": 15, "column": 89 }, "end": { "line": 17, "column": null } },
        "line": 15
      },
      "1": {
        "name": "createTestSessionId",
        "decl": { "start": { "line": 22, "column": 16 }, "end": { "line": 22, "column": 49 } },
        "loc": { "start": { "line": 22, "column": 49 }, "end": { "line": 24, "column": null } },
        "line": 22
      },
      "2": {
        "name": "createTestDocumentId",
        "decl": { "start": { "line": 29, "column": 16 }, "end": { "line": 29, "column": 51 } },
        "loc": { "start": { "line": 29, "column": 51 }, "end": { "line": 31, "column": null } },
        "line": 29
      },
      "3": {
        "name": "createTestFileSize",
        "decl": { "start": { "line": 36, "column": 16 }, "end": { "line": 36, "column": 35 } },
        "loc": { "start": { "line": 36, "column": 67 }, "end": { "line": 38, "column": null } },
        "line": 36
      },
      "4": {
        "name": "createTestFile",
        "decl": { "start": { "line": 43, "column": 16 }, "end": { "line": 43, "column": null } },
        "loc": { "start": { "line": 47, "column": 12 }, "end": { "line": 55, "column": null } },
        "line": 47
      },
      "5": {
        "name": "(anonymous_5)",
        "decl": { "start": { "line": 53, "column": 17 }, "end": { "line": 53, "column": 29 } },
        "loc": { "start": { "line": 53, "column": 29 }, "end": { "line": 53, "column": null } },
        "line": 53
      },
      "6": {
        "name": "createTestFileWithBuffer",
        "decl": { "start": { "line": 60, "column": 16 }, "end": { "line": 60, "column": null } },
        "loc": { "start": { "line": 64, "column": 12 }, "end": { "line": 71, "column": null } },
        "line": 64
      },
      "7": {
        "name": "(anonymous_7)",
        "decl": { "start": { "line": 69, "column": 17 }, "end": { "line": 69, "column": 29 } },
        "loc": { "start": { "line": 69, "column": 29 }, "end": { "line": 69, "column": null } },
        "line": 69
      },
      "8": {
        "name": "createMockPDFBuffer",
        "decl": { "start": { "line": 76, "column": 16 }, "end": { "line": 76, "column": 36 } },
        "loc": { "start": { "line": 76, "column": 63 }, "end": { "line": 96, "column": null } },
        "line": 76
      },
      "9": {
        "name": "createMockDOCXBuffer",
        "decl": { "start": { "line": 101, "column": 16 }, "end": { "line": 101, "column": 47 } },
        "loc": { "start": { "line": 101, "column": 47 }, "end": { "line": 105, "column": null } },
        "line": 101
      },
      "10": {
        "name": "createTestEmbedding",
        "decl": { "start": { "line": 110, "column": 16 }, "end": { "line": 110, "column": 36 } },
        "loc": { "start": { "line": 110, "column": 93 }, "end": { "line": 112, "column": null } },
        "line": 110
      },
      "11": {
        "name": "createTestEmbeddings",
        "decl": { "start": { "line": 117, "column": 16 }, "end": { "line": 117, "column": null } },
        "loc": { "start": { "line": 121, "column": 14 }, "end": { "line": 123, "column": null } },
        "line": 121
      },
      "12": {
        "name": "(anonymous_12)",
        "decl": { "start": { "line": 122, "column": 39 }, "end": { "line": 122, "column": 45 } },
        "loc": { "start": { "line": 122, "column": 45 }, "end": { "line": 122, "column": 83 } },
        "line": 122
      },
      "13": {
        "name": "createTestChunks",
        "decl": { "start": { "line": 128, "column": 16 }, "end": { "line": 128, "column": 33 } },
        "loc": { "start": { "line": 128, "column": 148 }, "end": { "line": 137, "column": null } },
        "line": 128
      },
      "14": {
        "name": "(anonymous_14)",
        "decl": { "start": { "line": 129, "column": 39 }, "end": { "line": 129, "column": 40 } },
        "loc": { "start": { "line": 129, "column": 50 }, "end": { "line": 136, "column": 4 } },
        "line": 129
      },
      "15": {
        "name": "createTestSearchResults",
        "decl": { "start": { "line": 142, "column": 16 }, "end": { "line": 142, "column": 40 } },
        "loc": { "start": { "line": 146, "column": 3 }, "end": { "line": 155, "column": null } },
        "line": 146
      },
      "16": {
        "name": "(anonymous_16)",
        "decl": { "start": { "line": 147, "column": 39 }, "end": { "line": 147, "column": 40 } },
        "loc": { "start": { "line": 147, "column": 50 }, "end": { "line": 154, "column": 4 } },
        "line": 147
      }
    },
    "branchMap": {
      "0": {
        "loc": { "start": { "line": 15, "column": 32 }, "end": { "line": 15, "column": 89 } },
        "type": "default-arg",
        "locations": [
          { "start": { "line": 15, "column": 47 }, "end": { "line": 15, "column": 89 } }
        ],
        "line": 15
      },
      "1": {
        "loc": { "start": { "line": 36, "column": 35 }, "end": { "line": 36, "column": 67 } },
        "type": "default-arg",
        "locations": [
          { "start": { "line": 36, "column": 51 }, "end": { "line": 36, "column": 67 } }
        ],
        "line": 36
      },
      "2": {
        "loc": { "start": { "line": 44, "column": 2 }, "end": { "line": 44, "column": null } },
        "type": "default-arg",
        "locations": [
          { "start": { "line": 44, "column": 21 }, "end": { "line": 44, "column": null } }
        ],
        "line": 44
      },
      "3": {
        "loc": { "start": { "line": 45, "column": 2 }, "end": { "line": 45, "column": null } },
        "type": "default-arg",
        "locations": [
          { "start": { "line": 45, "column": 20 }, "end": { "line": 45, "column": null } }
        ],
        "line": 45
      },
      "4": {
        "loc": { "start": { "line": 46, "column": 2 }, "end": { "line": 46, "column": null } },
        "type": "default-arg",
        "locations": [
          { "start": { "line": 46, "column": 21 }, "end": { "line": 46, "column": null } }
        ],
        "line": 46
      },
      "5": {
        "loc": { "start": { "line": 68, "column": 10 }, "end": { "line": 68, "column": null } },
        "type": "binary-expr",
        "locations": [
          { "start": { "line": 68, "column": 10 }, "end": { "line": 68, "column": 22 } },
          { "start": { "line": 68, "column": 22 }, "end": { "line": 68, "column": null } }
        ],
        "line": 68
      },
      "6": {
        "loc": { "start": { "line": 76, "column": 36 }, "end": { "line": 76, "column": 63 } },
        "type": "default-arg",
        "locations": [
          { "start": { "line": 76, "column": 52 }, "end": { "line": 76, "column": 63 } }
        ],
        "line": 76
      },
      "7": {
        "loc": { "start": { "line": 110, "column": 36 }, "end": { "line": 110, "column": 62 } },
        "type": "default-arg",
        "locations": [
          { "start": { "line": 110, "column": 57 }, "end": { "line": 110, "column": 62 } }
        ],
        "line": 110
      },
      "8": {
        "loc": { "start": { "line": 110, "column": 62 }, "end": { "line": 110, "column": 93 } },
        "type": "default-arg",
        "locations": [
          { "start": { "line": 110, "column": 78 }, "end": { "line": 110, "column": 93 } }
        ],
        "line": 110
      },
      "9": {
        "loc": { "start": { "line": 119, "column": 2 }, "end": { "line": 119, "column": null } },
        "type": "default-arg",
        "locations": [
          { "start": { "line": 119, "column": 23 }, "end": { "line": 119, "column": null } }
        ],
        "line": 119
      },
      "10": {
        "loc": { "start": { "line": 120, "column": 2 }, "end": { "line": 120, "column": null } },
        "type": "default-arg",
        "locations": [
          { "start": { "line": 120, "column": 18 }, "end": { "line": 120, "column": null } }
        ],
        "line": 120
      },
      "11": {
        "loc": { "start": { "line": 128, "column": 33 }, "end": { "line": 128, "column": 148 } },
        "type": "default-arg",
        "locations": [
          { "start": { "line": 128, "column": 49 }, "end": { "line": 128, "column": 148 } }
        ],
        "line": 128
      },
      "12": {
        "loc": { "start": { "line": 142, "column": 40 }, "end": { "line": 142, "column": null } },
        "type": "default-arg",
        "locations": [
          { "start": { "line": 142, "column": 56 }, "end": { "line": 142, "column": null } }
        ],
        "line": 142
      }
    },
    "s": {
      "0": 4,
      "1": 0,
      "2": 0,
      "3": 0,
      "4": 16,
      "5": 16,
      "6": 7,
      "7": 0,
      "8": 0,
      "9": 0,
      "10": 0,
      "11": 0,
      "12": 2153,
      "13": 0,
      "14": 0,
      "15": 5,
      "16": 20,
      "17": 0,
      "18": 0
    },
    "f": {
      "0": 4,
      "1": 0,
      "2": 0,
      "3": 0,
      "4": 16,
      "5": 7,
      "6": 0,
      "7": 0,
      "8": 0,
      "9": 0,
      "10": 2153,
      "11": 0,
      "12": 0,
      "13": 5,
      "14": 20,
      "15": 0,
      "16": 0
    },
    "b": {
      "0": [4],
      "1": [0],
      "2": [16],
      "3": [16],
      "4": [16],
      "5": [0, 0],
      "6": [0],
      "7": [2153],
      "8": [2153],
      "9": [0],
      "10": [0],
      "11": [5],
      "12": [0]
    },
    "meta": {
      "lastBranch": 13,
      "lastFunction": 17,
      "lastStatement": 19,
      "seen": {
        "f:15:16:15:32": 0,
        "b:15:47:15:89": 0,
        "s:16:2:16:Infinity": 0,
        "f:22:16:22:49": 1,
        "s:23:2:23:Infinity": 1,
        "f:29:16:29:51": 2,
        "s:30:2:30:Infinity": 2,
        "f:36:16:36:35": 3,
        "b:36:51:36:67": 1,
        "s:37:2:37:Infinity": 3,
        "f:43:16:43:Infinity": 4,
        "b:44:21:44:Infinity": 2,
        "b:45:20:45:Infinity": 3,
        "b:46:21:46:Infinity": 4,
        "s:48:17:48:Infinity": 4,
        "s:49:2:54:Infinity": 5,
        "f:53:17:53:29": 5,
        "s:53:29:53:Infinity": 6,
        "f:60:16:60:Infinity": 6,
        "s:65:2:70:Infinity": 7,
        "b:68:10:68:22:68:22:68:Infinity": 5,
        "f:69:17:69:29": 7,
        "s:69:29:69:Infinity": 8,
        "f:76:16:76:36": 8,
        "b:76:52:76:63": 6,
        "s:78:21:83:Infinity": 9,
        "s:95:2:95:Infinity": 10,
        "f:101:16:101:47": 9,
        "s:104:2:104:Infinity": 11,
        "f:110:16:110:36": 10,
        "b:110:57:110:62": 7,
        "b:110:78:110:93": 8,
        "s:111:2:111:Infinity": 12,
        "f:117:16:117:Infinity": 11,
        "b:119:23:119:Infinity": 9,
        "b:120:18:120:Infinity": 10,
        "s:122:2:122:Infinity": 13,
        "f:122:39:122:45": 12,
        "s:122:45:122:83": 14,
        "f:128:16:128:33": 13,
        "b:128:49:128:148": 11,
        "s:129:2:136:Infinity": 15,
        "f:129:39:129:40": 14,
        "s:129:50:136:4": 16,
        "f:142:16:142:40": 15,
        "b:142:56:142:Infinity": 12,
        "s:147:2:154:Infinity": 17,
        "f:147:39:147:40": 16,
        "s:147:50:154:4": 18
      }
    }
  },
  "/Users/gleyvercastro/IA/src/__tests__/helpers/mocks.ts": {
    "path": "/Users/gleyvercastro/IA/src/__tests__/helpers/mocks.ts",
    "statementMap": {
      "0": { "start": { "line": 19, "column": 2 }, "end": { "line": 39, "column": null } },
      "1": { "start": { "line": 24, "column": 8 }, "end": { "line": 27, "column": null } },
      "2": { "start": { "line": 24, "column": 38 }, "end": { "line": 27, "column": 10 } },
      "3": { "start": { "line": 46, "column": 29 }, "end": { "line": 55, "column": null } },
      "4": { "start": { "line": 57, "column": 2 }, "end": { "line": 75, "column": null } },
      "5": { "start": { "line": 82, "column": 2 }, "end": { "line": 92, "column": null } },
      "6": { "start": { "line": 99, "column": 2 }, "end": { "line": 111, "column": null } },
      "7": { "start": { "line": 118, "column": 2 }, "end": { "line": 122, "column": null } },
      "8": { "start": { "line": 119, "column": 21 }, "end": { "line": 119, "column": null } },
      "9": { "start": { "line": 121, "column": 4 }, "end": { "line": 121, "column": null } },
      "10": { "start": { "line": 129, "column": 2 }, "end": { "line": 137, "column": null } },
      "11": { "start": { "line": 144, "column": 2 }, "end": { "line": 146, "column": null } },
      "12": { "start": { "line": 145, "column": 4 }, "end": { "line": 145, "column": null } },
      "13": { "start": { "line": 153, "column": 2 }, "end": { "line": 165, "column": null } },
      "14": { "start": { "line": 175, "column": 2 }, "end": { "line": 184, "column": null } },
      "15": { "start": { "line": 191, "column": 2 }, "end": { "line": 198, "column": null } }
    },
    "fnMap": {
      "0": {
        "name": "createMockEmbeddingGenerator",
        "decl": { "start": { "line": 18, "column": 16 }, "end": { "line": 18, "column": 67 } },
        "loc": { "start": { "line": 18, "column": 67 }, "end": { "line": 40, "column": null } },
        "line": 18
      },
      "1": {
        "name": "(anonymous_1)",
        "decl": { "start": { "line": 23, "column": 26 }, "end": { "line": 23, "column": 33 } },
        "loc": { "start": { "line": 23, "column": 89 }, "end": { "line": 28, "column": 7 } },
        "line": 23
      },
      "2": {
        "name": "(anonymous_2)",
        "decl": { "start": { "line": 24, "column": 26 }, "end": { "line": 24, "column": 27 } },
        "loc": { "start": { "line": 24, "column": 38 }, "end": { "line": 27, "column": 10 } },
        "line": 24
      },
      "3": {
        "name": "createMockResponseGenerator",
        "decl": { "start": { "line": 45, "column": 16 }, "end": { "line": 45, "column": 65 } },
        "loc": { "start": { "line": 45, "column": 65 }, "end": { "line": 76, "column": null } },
        "line": 45
      },
      "4": {
        "name": "createMockDocumentProcessor",
        "decl": { "start": { "line": 81, "column": 16 }, "end": { "line": 81, "column": 65 } },
        "loc": { "start": { "line": 81, "column": 65 }, "end": { "line": 93, "column": null } },
        "line": 81
      },
      "5": {
        "name": "createMockVectorDB",
        "decl": { "start": { "line": 98, "column": 16 }, "end": { "line": 98, "column": 47 } },
        "loc": { "start": { "line": 98, "column": 47 }, "end": { "line": 112, "column": null } },
        "line": 98
      },
      "6": {
        "name": "createMockVectorDBFactory",
        "decl": { "start": { "line": 117, "column": 16 }, "end": { "line": 117, "column": 77 } },
        "loc": { "start": { "line": 117, "column": 77 }, "end": { "line": 123, "column": null } },
        "line": 117
      },
      "7": {
        "name": "(anonymous_7)",
        "decl": { "start": { "line": 118, "column": 9 }, "end": { "line": 118, "column": 10 } },
        "loc": { "start": { "line": 118, "column": 33 }, "end": { "line": 122, "column": null } },
        "line": 118
      },
      "8": {
        "name": "createMockRetriever",
        "decl": { "start": { "line": 128, "column": 16 }, "end": { "line": 128, "column": 49 } },
        "loc": { "start": { "line": 128, "column": 49 }, "end": { "line": 138, "column": null } },
        "line": 128
      },
      "9": {
        "name": "createMockRetrieverFactory",
        "decl": { "start": { "line": 143, "column": 16 }, "end": { "line": 143, "column": 80 } },
        "loc": { "start": { "line": 143, "column": 80 }, "end": { "line": 147, "column": null } },
        "line": 143
      },
      "10": {
        "name": "(anonymous_10)",
        "decl": { "start": { "line": 144, "column": 9 }, "end": { "line": 144, "column": 10 } },
        "loc": { "start": { "line": 144, "column": 34 }, "end": { "line": 146, "column": null } },
        "line": 144
      },
      "11": {
        "name": "createMockTextChunker",
        "decl": { "start": { "line": 152, "column": 16 }, "end": { "line": 152, "column": 53 } },
        "loc": { "start": { "line": 152, "column": 53 }, "end": { "line": 166, "column": null } },
        "line": 152
      },
      "12": {
        "name": "createMockSearchResult",
        "decl": { "start": { "line": 171, "column": 16 }, "end": { "line": 171, "column": null } },
        "loc": { "start": { "line": 174, "column": 16 }, "end": { "line": 185, "column": null } },
        "line": 174
      },
      "13": {
        "name": "createMockProcessResult",
        "decl": { "start": { "line": 190, "column": 16 }, "end": { "line": 190, "column": 57 } },
        "loc": { "start": { "line": 190, "column": 57 }, "end": { "line": 199, "column": null } },
        "line": 190
      }
    },
    "branchMap": {
      "0": {
        "loc": { "start": { "line": 172, "column": 2 }, "end": { "line": 172, "column": null } },
        "type": "default-arg",
        "locations": [
          { "start": { "line": 172, "column": 17 }, "end": { "line": 172, "column": null } }
        ],
        "line": 172
      },
      "1": {
        "loc": { "start": { "line": 173, "column": 2 }, "end": { "line": 173, "column": null } },
        "type": "default-arg",
        "locations": [
          { "start": { "line": 173, "column": 23 }, "end": { "line": 173, "column": null } }
        ],
        "line": 173
      }
    },
    "s": {
      "0": 20,
      "1": 12,
      "2": 24,
      "3": 7,
      "4": 7,
      "5": 26,
      "6": 28,
      "7": 9,
      "8": 6,
      "9": 6,
      "10": 3,
      "11": 6,
      "12": 3,
      "13": 15,
      "14": 14,
      "15": 0
    },
    "f": {
      "0": 20,
      "1": 12,
      "2": 24,
      "3": 7,
      "4": 26,
      "5": 28,
      "6": 9,
      "7": 6,
      "8": 3,
      "9": 6,
      "10": 3,
      "11": 15,
      "12": 14,
      "13": 0
    },
    "b": { "0": [14], "1": [14] },
    "meta": {
      "lastBranch": 2,
      "lastFunction": 14,
      "lastStatement": 16,
      "seen": {
        "f:18:16:18:67": 0,
        "s:19:2:39:Infinity": 0,
        "f:23:26:23:33": 1,
        "s:24:8:27:Infinity": 1,
        "f:24:26:24:27": 2,
        "s:24:38:27:10": 2,
        "f:45:16:45:65": 3,
        "s:46:29:55:Infinity": 3,
        "s:57:2:75:Infinity": 4,
        "f:81:16:81:65": 4,
        "s:82:2:92:Infinity": 5,
        "f:98:16:98:47": 5,
        "s:99:2:111:Infinity": 6,
        "f:117:16:117:77": 6,
        "s:118:2:122:Infinity": 7,
        "f:118:9:118:10": 7,
        "s:119:21:119:Infinity": 8,
        "s:121:4:121:Infinity": 9,
        "f:128:16:128:49": 8,
        "s:129:2:137:Infinity": 10,
        "f:143:16:143:80": 9,
        "s:144:2:146:Infinity": 11,
        "f:144:9:144:10": 10,
        "s:145:4:145:Infinity": 12,
        "f:152:16:152:53": 11,
        "s:153:2:165:Infinity": 13,
        "f:171:16:171:Infinity": 12,
        "b:172:17:172:Infinity": 0,
        "b:173:23:173:Infinity": 1,
        "s:175:2:184:Infinity": 14,
        "f:190:16:190:57": 13,
        "s:191:2:198:Infinity": 15
      }
    }
  },
  "/Users/gleyvercastro/IA/src/cache/distributed.ts": {
    "path": "/Users/gleyvercastro/IA/src/cache/distributed.ts",
    "statementMap": {
      "0": { "start": { "line": 10, "column": 18 }, "end": { "line": 10, "column": null } },
      "1": { "start": { "line": 13, "column": 10 }, "end": { "line": 13, "column": null } },
      "2": { "start": { "line": 14, "column": 82 }, "end": { "line": 14, "column": null } },
      "3": { "start": { "line": 15, "column": 28 }, "end": { "line": 15, "column": null } },
      "4": { "start": { "line": 21, "column": 4 }, "end": { "line": 21, "column": null } },
      "5": { "start": { "line": 28, "column": 16 }, "end": { "line": 28, "column": null } },
      "6": { "start": { "line": 30, "column": 4 }, "end": { "line": 41, "column": null } },
      "7": { "start": { "line": 31, "column": 6 }, "end": { "line": 40, "column": null } },
      "8": { "start": { "line": 32, "column": 23 }, "end": { "line": 32, "column": null } },
      "9": { "start": { "line": 33, "column": 8 }, "end": { "line": 36, "column": null } },
      "10": { "start": { "line": 34, "column": 10 }, "end": { "line": 34, "column": null } },
      "11": { "start": { "line": 35, "column": 10 }, "end": { "line": 35, "column": null } },
      "12": { "start": { "line": 38, "column": 29 }, "end": { "line": 38, "column": null } },
      "13": { "start": { "line": 39, "column": 8 }, "end": { "line": 39, "column": null } },
      "14": { "start": { "line": 44, "column": 19 }, "end": { "line": 44, "column": null } },
      "15": { "start": { "line": 45, "column": 4 }, "end": { "line": 49, "column": null } },
      "16": { "start": { "line": 46, "column": 6 }, "end": { "line": 46, "column": null } },
      "17": { "start": { "line": 47, "column": 6 }, "end": { "line": 47, "column": null } },
      "18": { "start": { "line": 48, "column": 6 }, "end": { "line": 48, "column": null } },
      "19": { "start": { "line": 51, "column": 4 }, "end": { "line": 51, "column": null } },
      "20": { "start": { "line": 58, "column": 16 }, "end": { "line": 58, "column": null } },
      "21": { "start": { "line": 60, "column": 4 }, "end": { "line": 69, "column": null } },
      "22": { "start": { "line": 61, "column": 6 }, "end": { "line": 68, "column": null } },
      "23": { "start": { "line": 62, "column": 8 }, "end": { "line": 62, "column": null } },
      "24": { "start": { "line": 63, "column": 8 }, "end": { "line": 63, "column": null } },
      "25": { "start": { "line": 64, "column": 8 }, "end": { "line": 64, "column": null } },
      "26": { "start": { "line": 66, "column": 29 }, "end": { "line": 66, "column": null } },
      "27": { "start": { "line": 67, "column": 8 }, "end": { "line": 67, "column": null } },
      "28": { "start": { "line": 72, "column": 4 }, "end": { "line": 72, "column": null } },
      "29": { "start": { "line": 73, "column": 4 }, "end": { "line": 76, "column": null } },
      "30": { "start": { "line": 77, "column": 4 }, "end": { "line": 77, "column": null } },
      "31": { "start": { "line": 84, "column": 4 }, "end": { "line": 94, "column": null } },
      "32": { "start": { "line": 85, "column": 6 }, "end": { "line": 93, "column": null } },
      "33": { "start": { "line": 86, "column": 21 }, "end": { "line": 86, "column": null } },
      "34": { "start": { "line": 87, "column": 8 }, "end": { "line": 89, "column": null } },
      "35": { "start": { "line": 88, "column": 10 }, "end": { "line": 88, "column": null } },
      "36": { "start": { "line": 91, "column": 29 }, "end": { "line": 91, "column": null } },
      "37": { "start": { "line": 92, "column": 8 }, "end": { "line": 92, "column": null } },
      "38": { "start": { "line": 95, "column": 4 }, "end": { "line": 95, "column": null } },
      "39": { "start": { "line": 96, "column": 4 }, "end": { "line": 96, "column": null } },
      "40": { "start": { "line": 103, "column": 4 }, "end": { "line": 111, "column": null } },
      "41": { "start": { "line": 105, "column": 22 }, "end": { "line": 107, "column": null } },
      "42": { "start": { "line": 106, "column": 24 }, "end": { "line": 106, "column": 53 } },
      "43": { "start": { "line": 109, "column": 6 }, "end": { "line": 109, "column": null } },
      "44": { "start": { "line": 109, "column": 33 }, "end": { "line": 109, "column": 63 } },
      "45": { "start": { "line": 110, "column": 6 }, "end": { "line": 110, "column": null } },
      "46": { "start": { "line": 123, "column": 4 }, "end": { "line": 130, "column": null } },
      "47": { "start": { "line": 124, "column": 6 }, "end": { "line": 129, "column": null } },
      "48": { "start": { "line": 125, "column": 21 }, "end": { "line": 125, "column": null } },
      "49": { "start": { "line": 126, "column": 8 }, "end": { "line": 126, "column": null } },
      "50": { "start": { "line": 132, "column": 4 }, "end": { "line": 136, "column": null } },
      "51": { "start": { "line": 141, "column": 54 }, "end": { "line": 141, "column": null } },
      "52": { "start": { "line": 144, "column": 2 }, "end": { "line": 146, "column": null } },
      "53": { "start": { "line": 145, "column": 4 }, "end": { "line": 145, "column": null } },
      "54": { "start": { "line": 147, "column": 2 }, "end": { "line": 147, "column": null } }
    },
    "fnMap": {
      "0": {
        "name": "(anonymous_0)",
        "decl": { "start": { "line": 20, "column": 10 }, "end": { "line": 20, "column": 22 } },
        "loc": { "start": { "line": 20, "column": 44 }, "end": { "line": 22, "column": null } },
        "line": 20
      },
      "1": {
        "name": "(anonymous_1)",
        "decl": { "start": { "line": 27, "column": 8 }, "end": { "line": 27, "column": 12 } },
        "loc": { "start": { "line": 27, "column": 52 }, "end": { "line": 52, "column": null } },
        "line": 27
      },
      "2": {
        "name": "(anonymous_2)",
        "decl": { "start": { "line": 57, "column": 8 }, "end": { "line": 57, "column": 12 } },
        "loc": { "start": { "line": 57, "column": 62 }, "end": { "line": 78, "column": null } },
        "line": 57
      },
      "3": {
        "name": "(anonymous_3)",
        "decl": { "start": { "line": 83, "column": 8 }, "end": { "line": 83, "column": 31 } },
        "loc": { "start": { "line": 83, "column": 31 }, "end": { "line": 97, "column": null } },
        "line": 83
      },
      "4": {
        "name": "(anonymous_4)",
        "decl": { "start": { "line": 102, "column": 10 }, "end": { "line": 102, "column": 40 } },
        "loc": { "start": { "line": 102, "column": 40 }, "end": { "line": 112, "column": null } },
        "line": 102
      },
      "5": {
        "name": "(anonymous_5)",
        "decl": { "start": { "line": 106, "column": 14 }, "end": { "line": 106, "column": 15 } },
        "loc": { "start": { "line": 106, "column": 24 }, "end": { "line": 106, "column": 53 } },
        "line": 106
      },
      "6": {
        "name": "(anonymous_6)",
        "decl": { "start": { "line": 109, "column": 22 }, "end": { "line": 109, "column": 23 } },
        "loc": { "start": { "line": 109, "column": 33 }, "end": { "line": 109, "column": 63 } },
        "line": 109
      },
      "7": {
        "name": "(anonymous_7)",
        "decl": { "start": { "line": 117, "column": 8 }, "end": { "line": 117, "column": null } },
        "loc": { "start": { "line": 121, "column": 5 }, "end": { "line": 137, "column": null } },
        "line": 121
      },
      "8": {
        "name": "getDistributedEmbeddingCache",
        "decl": { "start": { "line": 143, "column": 16 }, "end": { "line": 143, "column": 74 } },
        "loc": { "start": { "line": 143, "column": 74 }, "end": { "line": 148, "column": null } },
        "line": 143
      }
    },
    "branchMap": {
      "0": {
        "loc": { "start": { "line": 30, "column": 4 }, "end": { "line": 41, "column": null } },
        "type": "if",
        "locations": [
          { "start": { "line": 30, "column": 4 }, "end": { "line": 41, "column": null } },
          { "start": {}, "end": {} }
        ],
        "line": 30
      },
      "1": {
        "loc": { "start": { "line": 33, "column": 8 }, "end": { "line": 36, "column": null } },
        "type": "if",
        "locations": [
          { "start": { "line": 33, "column": 8 }, "end": { "line": 36, "column": null } },
          { "start": {}, "end": {} }
        ],
        "line": 33
      },
      "2": {
        "loc": { "start": { "line": 38, "column": 29 }, "end": { "line": 38, "column": null } },
        "type": "cond-expr",
        "locations": [
          { "start": { "line": 38, "column": 54 }, "end": { "line": 38, "column": 70 } },
          { "start": { "line": 38, "column": 70 }, "end": { "line": 38, "column": null } }
        ],
        "line": 38
      },
      "3": {
        "loc": { "start": { "line": 45, "column": 4 }, "end": { "line": 49, "column": null } },
        "type": "if",
        "locations": [
          { "start": { "line": 45, "column": 4 }, "end": { "line": 49, "column": null } },
          { "start": {}, "end": {} }
        ],
        "line": 45
      },
      "4": {
        "loc": { "start": { "line": 60, "column": 4 }, "end": { "line": 69, "column": null } },
        "type": "if",
        "locations": [
          { "start": { "line": 60, "column": 4 }, "end": { "line": 69, "column": null } },
          { "start": {}, "end": {} }
        ],
        "line": 60
      },
      "5": {
        "loc": { "start": { "line": 66, "column": 29 }, "end": { "line": 66, "column": null } },
        "type": "cond-expr",
        "locations": [
          { "start": { "line": 66, "column": 54 }, "end": { "line": 66, "column": 70 } },
          { "start": { "line": 66, "column": 70 }, "end": { "line": 66, "column": null } }
        ],
        "line": 66
      },
      "6": {
        "loc": { "start": { "line": 84, "column": 4 }, "end": { "line": 94, "column": null } },
        "type": "if",
        "locations": [
          { "start": { "line": 84, "column": 4 }, "end": { "line": 94, "column": null } },
          { "start": {}, "end": {} }
        ],
        "line": 84
      },
      "7": {
        "loc": { "start": { "line": 87, "column": 8 }, "end": { "line": 89, "column": null } },
        "type": "if",
        "locations": [
          { "start": { "line": 87, "column": 8 }, "end": { "line": 89, "column": null } },
          { "start": {}, "end": {} }
        ],
        "line": 87
      },
      "8": {
        "loc": { "start": { "line": 91, "column": 29 }, "end": { "line": 91, "column": null } },
        "type": "cond-expr",
        "locations": [
          { "start": { "line": 91, "column": 54 }, "end": { "line": 91, "column": 70 } },
          { "start": { "line": 91, "column": 70 }, "end": { "line": 91, "column": null } }
        ],
        "line": 91
      },
      "9": {
        "loc": { "start": { "line": 103, "column": 4 }, "end": { "line": 111, "column": null } },
        "type": "if",
        "locations": [
          { "start": { "line": 103, "column": 4 }, "end": { "line": 111, "column": null } },
          { "start": {}, "end": {} }
        ],
        "line": 103
      },
      "10": {
        "loc": { "start": { "line": 123, "column": 4 }, "end": { "line": 130, "column": null } },
        "type": "if",
        "locations": [
          { "start": { "line": 123, "column": 4 }, "end": { "line": 130, "column": null } },
          { "start": {}, "end": {} }
        ],
        "line": 123
      },
      "11": {
        "loc": { "start": { "line": 144, "column": 2 }, "end": { "line": 146, "column": null } },
        "type": "if",
        "locations": [
          { "start": { "line": 144, "column": 2 }, "end": { "line": 146, "column": null } },
          { "start": {}, "end": {} }
        ],
        "line": 144
      }
    },
    "s": {
      "0": 3,
      "1": 3,
      "2": 3,
      "3": 3,
      "4": 12,
      "5": 7,
      "6": 7,
      "7": 0,
      "8": 0,
      "9": 0,
      "10": 0,
      "11": 0,
      "12": 0,
      "13": 0,
      "14": 7,
      "15": 7,
      "16": 2,
      "17": 2,
      "18": 2,
      "19": 5,
      "20": 5,
      "21": 5,
      "22": 0,
      "23": 0,
      "24": 0,
      "25": 0,
      "26": 0,
      "27": 0,
      "28": 5,
      "29": 5,
      "30": 5,
      "31": 0,
      "32": 0,
      "33": 0,
      "34": 0,
      "35": 0,
      "36": 0,
      "37": 0,
      "38": 0,
      "39": 0,
      "40": 5,
      "41": 0,
      "42": 0,
      "43": 0,
      "44": 0,
      "45": 0,
      "46": 0,
      "47": 0,
      "48": 0,
      "49": 0,
      "50": 0,
      "51": 3,
      "52": 9,
      "53": 3,
      "54": 9
    },
    "f": { "0": 12, "1": 7, "2": 5, "3": 0, "4": 5, "5": 0, "6": 0, "7": 0, "8": 9 },
    "b": {
      "0": [0, 7],
      "1": [0, 0],
      "2": [0, 0],
      "3": [2, 5],
      "4": [0, 5],
      "5": [0, 0],
      "6": [0, 0],
      "7": [0, 0],
      "8": [0, 0],
      "9": [0, 5],
      "10": [0, 0],
      "11": [3, 6]
    },
    "meta": {
      "lastBranch": 12,
      "lastFunction": 9,
      "lastStatement": 55,
      "seen": {
        "s:10:18:10:Infinity": 0,
        "s:13:10:13:Infinity": 1,
        "s:14:82:14:Infinity": 2,
        "s:15:28:15:Infinity": 3,
        "f:20:10:20:22": 0,
        "s:21:4:21:Infinity": 4,
        "f:27:8:27:12": 1,
        "s:28:16:28:Infinity": 5,
        "b:30:4:41:Infinity:undefined:undefined:undefined:undefined": 0,
        "s:30:4:41:Infinity": 6,
        "s:31:6:40:Infinity": 7,
        "s:32:23:32:Infinity": 8,
        "b:33:8:36:Infinity:undefined:undefined:undefined:undefined": 1,
        "s:33:8:36:Infinity": 9,
        "s:34:10:34:Infinity": 10,
        "s:35:10:35:Infinity": 11,
        "s:38:29:38:Infinity": 12,
        "b:38:54:38:70:38:70:38:Infinity": 2,
        "s:39:8:39:Infinity": 13,
        "s:44:19:44:Infinity": 14,
        "b:45:4:49:Infinity:undefined:undefined:undefined:undefined": 3,
        "s:45:4:49:Infinity": 15,
        "s:46:6:46:Infinity": 16,
        "s:47:6:47:Infinity": 17,
        "s:48:6:48:Infinity": 18,
        "s:51:4:51:Infinity": 19,
        "f:57:8:57:12": 2,
        "s:58:16:58:Infinity": 20,
        "b:60:4:69:Infinity:undefined:undefined:undefined:undefined": 4,
        "s:60:4:69:Infinity": 21,
        "s:61:6:68:Infinity": 22,
        "s:62:8:62:Infinity": 23,
        "s:63:8:63:Infinity": 24,
        "s:64:8:64:Infinity": 25,
        "s:66:29:66:Infinity": 26,
        "b:66:54:66:70:66:70:66:Infinity": 5,
        "s:67:8:67:Infinity": 27,
        "s:72:4:72:Infinity": 28,
        "s:73:4:76:Infinity": 29,
        "s:77:4:77:Infinity": 30,
        "f:83:8:83:31": 3,
        "b:84:4:94:Infinity:undefined:undefined:undefined:undefined": 6,
        "s:84:4:94:Infinity": 31,
        "s:85:6:93:Infinity": 32,
        "s:86:21:86:Infinity": 33,
        "b:87:8:89:Infinity:undefined:undefined:undefined:undefined": 7,
        "s:87:8:89:Infinity": 34,
        "s:88:10:88:Infinity": 35,
        "s:91:29:91:Infinity": 36,
        "b:91:54:91:70:91:70:91:Infinity": 8,
        "s:92:8:92:Infinity": 37,
        "s:95:4:95:Infinity": 38,
        "s:96:4:96:Infinity": 39,
        "f:102:10:102:40": 4,
        "b:103:4:111:Infinity:undefined:undefined:undefined:undefined": 9,
        "s:103:4:111:Infinity": 40,
        "s:105:22:107:Infinity": 41,
        "f:106:14:106:15": 5,
        "s:106:24:106:53": 42,
        "s:109:6:109:Infinity": 43,
        "f:109:22:109:23": 6,
        "s:109:33:109:63": 44,
        "s:110:6:110:Infinity": 45,
        "f:117:8:117:Infinity": 7,
        "b:123:4:130:Infinity:undefined:undefined:undefined:undefined": 10,
        "s:123:4:130:Infinity": 46,
        "s:124:6:129:Infinity": 47,
        "s:125:21:125:Infinity": 48,
        "s:126:8:126:Infinity": 49,
        "s:132:4:136:Infinity": 50,
        "s:141:54:141:Infinity": 51,
        "f:143:16:143:74": 8,
        "b:144:2:146:Infinity:undefined:undefined:undefined:undefined": 11,
        "s:144:2:146:Infinity": 52,
        "s:145:4:145:Infinity": 53,
        "s:147:2:147:Infinity": 54
      }
    }
  },
  "/Users/gleyvercastro/IA/src/config/index.ts": {
    "path": "/Users/gleyvercastro/IA/src/config/index.ts",
    "statementMap": {
      "0": { "start": { "line": 8, "column": 21 }, "end": { "line": 76, "column": null } },
      "1": { "start": { "line": 79, "column": 20 }, "end": { "line": 145, "column": null } },
      "2": { "start": { "line": 147, "column": 2 }, "end": { "line": 147, "column": null } },
      "3": { "start": { "line": 150, "column": 22 }, "end": { "line": 150, "column": null } }
    },
    "fnMap": {
      "0": {
        "name": "loadConfig",
        "decl": { "start": { "line": 78, "column": 9 }, "end": { "line": 78, "column": 22 } },
        "loc": { "start": { "line": 78, "column": 22 }, "end": { "line": 148, "column": null } },
        "line": 78
      }
    },
    "branchMap": {
      "0": {
        "loc": { "start": { "line": 80, "column": 13 }, "end": { "line": 80, "column": null } },
        "type": "binary-expr",
        "locations": [
          { "start": { "line": 80, "column": 13 }, "end": { "line": 80, "column": 37 } },
          { "start": { "line": 80, "column": 37 }, "end": { "line": 80, "column": null } }
        ],
        "line": 80
      },
      "1": {
        "loc": { "start": { "line": 81, "column": 10 }, "end": { "line": 81, "column": null } },
        "type": "binary-expr",
        "locations": [
          { "start": { "line": 81, "column": 10 }, "end": { "line": 81, "column": 38 } },
          { "start": { "line": 81, "column": 38 }, "end": { "line": 81, "column": null } }
        ],
        "line": 81
      },
      "2": {
        "loc": { "start": { "line": 84, "column": 17 }, "end": { "line": 84, "column": null } },
        "type": "binary-expr",
        "locations": [
          { "start": { "line": 84, "column": 17 }, "end": { "line": 84, "column": 51 } },
          { "start": { "line": 84, "column": 51 }, "end": { "line": 84, "column": null } }
        ],
        "line": 84
      },
      "3": {
        "loc": { "start": { "line": 85, "column": 20 }, "end": { "line": 85, "column": null } },
        "type": "binary-expr",
        "locations": [
          { "start": { "line": 85, "column": 20 }, "end": { "line": 85, "column": 57 } },
          { "start": { "line": 85, "column": 57 }, "end": { "line": 85, "column": null } }
        ],
        "line": 85
      },
      "4": {
        "loc": { "start": { "line": 86, "column": 22 }, "end": { "line": 86, "column": null } },
        "type": "binary-expr",
        "locations": [
          { "start": { "line": 86, "column": 22 }, "end": { "line": 86, "column": 53 } },
          { "start": { "line": 86, "column": 53 }, "end": { "line": 86, "column": null } }
        ],
        "line": 86
      },
      "5": {
        "loc": { "start": { "line": 90, "column": 11 }, "end": { "line": 90, "column": null } },
        "type": "binary-expr",
        "locations": [
          { "start": { "line": 90, "column": 11 }, "end": { "line": 90, "column": 37 } },
          { "start": { "line": 90, "column": 37 }, "end": { "line": 90, "column": null } }
        ],
        "line": 90
      },
      "6": {
        "loc": { "start": { "line": 91, "column": 13 }, "end": { "line": 91, "column": null } },
        "type": "binary-expr",
        "locations": [
          { "start": { "line": 91, "column": 13 }, "end": { "line": 91, "column": 41 } },
          { "start": { "line": 91, "column": 41 }, "end": { "line": 91, "column": null } }
        ],
        "line": 91
      },
      "7": {
        "loc": { "start": { "line": 92, "column": 21 }, "end": { "line": 92, "column": null } },
        "type": "binary-expr",
        "locations": [
          { "start": { "line": 92, "column": 21 }, "end": { "line": 92, "column": 66 } },
          { "start": { "line": 92, "column": 66 }, "end": { "line": 92, "column": null } }
        ],
        "line": 92
      },
      "8": {
        "loc": { "start": { "line": 93, "column": 15 }, "end": { "line": 93, "column": null } },
        "type": "binary-expr",
        "locations": [
          { "start": { "line": 93, "column": 15 }, "end": { "line": 93, "column": 56 } },
          { "start": { "line": 93, "column": 56 }, "end": { "line": 93, "column": null } }
        ],
        "line": 93
      },
      "9": {
        "loc": { "start": { "line": 94, "column": 18 }, "end": { "line": 94, "column": null } },
        "type": "binary-expr",
        "locations": [
          { "start": { "line": 94, "column": 18 }, "end": { "line": 94, "column": 60 } },
          { "start": { "line": 94, "column": 60 }, "end": { "line": 94, "column": null } }
        ],
        "line": 94
      },
      "10": {
        "loc": { "start": { "line": 95, "column": 19 }, "end": { "line": 95, "column": null } },
        "type": "binary-expr",
        "locations": [
          { "start": { "line": 95, "column": 19 }, "end": { "line": 95, "column": 61 } },
          { "start": { "line": 95, "column": 61 }, "end": { "line": 95, "column": null } }
        ],
        "line": 95
      },
      "11": {
        "loc": { "start": { "line": 96, "column": 12 }, "end": { "line": 96, "column": null } },
        "type": "binary-expr",
        "locations": [
          { "start": { "line": 96, "column": 12 }, "end": { "line": 96, "column": 48 } },
          { "start": { "line": 96, "column": 48 }, "end": { "line": 96, "column": null } }
        ],
        "line": 96
      },
      "12": {
        "loc": { "start": { "line": 100, "column": 15 }, "end": { "line": 102, "column": null } },
        "type": "cond-expr",
        "locations": [
          { "start": { "line": 101, "column": 10 }, "end": { "line": 101, "column": null } },
          { "start": { "line": 102, "column": 10 }, "end": { "line": 102, "column": null } }
        ],
        "line": 100
      },
      "13": {
        "loc": { "start": { "line": 112, "column": 21 }, "end": { "line": 112, "column": null } },
        "type": "binary-expr",
        "locations": [
          { "start": { "line": 112, "column": 21 }, "end": { "line": 112, "column": 68 } },
          { "start": { "line": 112, "column": 68 }, "end": { "line": 112, "column": null } }
        ],
        "line": 112
      },
      "14": {
        "loc": { "start": { "line": 113, "column": 30 }, "end": { "line": 113, "column": null } },
        "type": "binary-expr",
        "locations": [
          { "start": { "line": 113, "column": 30 }, "end": { "line": 113, "column": 86 } },
          { "start": { "line": 113, "column": 86 }, "end": { "line": 113, "column": null } }
        ],
        "line": 113
      },
      "15": {
        "loc": { "start": { "line": 114, "column": 14 }, "end": { "line": 114, "column": null } },
        "type": "binary-expr",
        "locations": [
          { "start": { "line": 114, "column": 14 }, "end": { "line": 114, "column": 44 } },
          { "start": { "line": 114, "column": 44 }, "end": { "line": 114, "column": null } }
        ],
        "line": 114
      },
      "16": {
        "loc": { "start": { "line": 118, "column": 16 }, "end": { "line": 118, "column": null } },
        "type": "binary-expr",
        "locations": [
          { "start": { "line": 118, "column": 16 }, "end": { "line": 118, "column": 60 } },
          { "start": { "line": 118, "column": 60 }, "end": { "line": 118, "column": null } }
        ],
        "line": 118
      },
      "17": {
        "loc": { "start": { "line": 119, "column": 19 }, "end": { "line": 119, "column": null } },
        "type": "binary-expr",
        "locations": [
          { "start": { "line": 119, "column": 19 }, "end": { "line": 119, "column": 66 } },
          { "start": { "line": 119, "column": 66 }, "end": { "line": 119, "column": null } }
        ],
        "line": 119
      },
      "18": {
        "loc": { "start": { "line": 123, "column": 12 }, "end": { "line": 123, "column": null } },
        "type": "binary-expr",
        "locations": [
          { "start": { "line": 123, "column": 12 }, "end": { "line": 123, "column": 38 } },
          { "start": { "line": 123, "column": 38 }, "end": { "line": 123, "column": null } }
        ],
        "line": 123
      },
      "19": {
        "loc": { "start": { "line": 124, "column": 12 }, "end": { "line": 124, "column": null } },
        "type": "binary-expr",
        "locations": [
          { "start": { "line": 124, "column": 12 }, "end": { "line": 124, "column": 46 } },
          { "start": { "line": 124, "column": 46 }, "end": { "line": 124, "column": null } }
        ],
        "line": 124
      },
      "20": {
        "loc": { "start": { "line": 126, "column": 10 }, "end": { "line": 126, "column": null } },
        "type": "binary-expr",
        "locations": [
          { "start": { "line": 126, "column": 10 }, "end": { "line": 126, "column": 42 } },
          { "start": { "line": 126, "column": 42 }, "end": { "line": 126, "column": null } }
        ],
        "line": 126
      },
      "21": {
        "loc": { "start": { "line": 131, "column": 14 }, "end": { "line": 131, "column": null } },
        "type": "binary-expr",
        "locations": [
          { "start": { "line": 131, "column": 14 }, "end": { "line": 131, "column": 39 } },
          { "start": { "line": 131, "column": 39 }, "end": { "line": 131, "column": null } }
        ],
        "line": 131
      },
      "22": {
        "loc": { "start": { "line": 141, "column": 15 }, "end": { "line": 141, "column": null } },
        "type": "binary-expr",
        "locations": [
          { "start": { "line": 141, "column": 15 }, "end": { "line": 141, "column": 62 } },
          { "start": { "line": 141, "column": 62 }, "end": { "line": 141, "column": null } }
        ],
        "line": 141
      },
      "23": {
        "loc": { "start": { "line": 142, "column": 32 }, "end": { "line": 142, "column": null } },
        "type": "binary-expr",
        "locations": [
          { "start": { "line": 142, "column": 32 }, "end": { "line": 142, "column": 87 } },
          { "start": { "line": 142, "column": 87 }, "end": { "line": 142, "column": null } }
        ],
        "line": 142
      },
      "24": {
        "loc": { "start": { "line": 143, "column": 20 }, "end": { "line": 143, "column": null } },
        "type": "binary-expr",
        "locations": [
          { "start": { "line": 143, "column": 20 }, "end": { "line": 143, "column": 73 } },
          { "start": { "line": 143, "column": 73 }, "end": { "line": 143, "column": null } }
        ],
        "line": 143
      }
    },
    "s": { "0": 5, "1": 5, "2": 5, "3": 5 },
    "f": { "0": 5 },
    "b": {
      "0": [5, 0],
      "1": [5, 5],
      "2": [5, 5],
      "3": [5, 5],
      "4": [5, 5],
      "5": [5, 5],
      "6": [5, 5],
      "7": [5, 5],
      "8": [5, 5],
      "9": [5, 5],
      "10": [5, 5],
      "11": [5, 5],
      "12": [0, 5],
      "13": [5, 5],
      "14": [5, 5],
      "15": [5, 5],
      "16": [5, 5],
      "17": [5, 5],
      "18": [5, 5],
      "19": [5, 5],
      "20": [5, 5],
      "21": [5, 5],
      "22": [5, 5],
      "23": [5, 5],
      "24": [5, 5]
    },
    "meta": {
      "lastBranch": 25,
      "lastFunction": 1,
      "lastStatement": 4,
      "seen": {
        "s:8:21:76:Infinity": 0,
        "f:78:9:78:22": 0,
        "s:79:20:145:Infinity": 1,
        "b:80:13:80:37:80:37:80:Infinity": 0,
        "b:81:10:81:38:81:38:81:Infinity": 1,
        "b:84:17:84:51:84:51:84:Infinity": 2,
        "b:85:20:85:57:85:57:85:Infinity": 3,
        "b:86:22:86:53:86:53:86:Infinity": 4,
        "b:90:11:90:37:90:37:90:Infinity": 5,
        "b:91:13:91:41:91:41:91:Infinity": 6,
        "b:92:21:92:66:92:66:92:Infinity": 7,
        "b:93:15:93:56:93:56:93:Infinity": 8,
        "b:94:18:94:60:94:60:94:Infinity": 9,
        "b:95:19:95:61:95:61:95:Infinity": 10,
        "b:96:12:96:48:96:48:96:Infinity": 11,
        "b:101:10:101:Infinity:102:10:102:Infinity": 12,
        "b:112:21:112:68:112:68:112:Infinity": 13,
        "b:113:30:113:86:113:86:113:Infinity": 14,
        "b:114:14:114:44:114:44:114:Infinity": 15,
        "b:118:16:118:60:118:60:118:Infinity": 16,
        "b:119:19:119:66:119:66:119:Infinity": 17,
        "b:123:12:123:38:123:38:123:Infinity": 18,
        "b:124:12:124:46:124:46:124:Infinity": 19,
        "b:126:10:126:42:126:42:126:Infinity": 20,
        "b:131:14:131:39:131:39:131:Infinity": 21,
        "b:141:15:141:62:141:62:141:Infinity": 22,
        "b:142:32:142:87:142:87:142:Infinity": 23,
        "b:143:20:143:73:143:73:143:Infinity": 24,
        "s:147:2:147:Infinity": 2,
        "s:150:22:150:Infinity": 3
      }
    }
  },
  "/Users/gleyvercastro/IA/src/domain/validators.ts": {
    "path": "/Users/gleyvercastro/IA/src/domain/validators.ts",
    "statementMap": {
      "0": { "start": { "line": 12, "column": 27 }, "end": { "line": 17, "column": null } },
      "1": { "start": { "line": 20, "column": 27 }, "end": { "line": 20, "column": null } },
      "2": { "start": { "line": 23, "column": 25 }, "end": { "line": 23, "column": null } },
      "3": { "start": { "line": 30, "column": 8 }, "end": { "line": 32, "column": null } },
      "4": { "start": { "line": 34, "column": 2 }, "end": { "line": 36, "column": null } },
      "5": { "start": { "line": 35, "column": 4 }, "end": { "line": 35, "column": null } },
      "6": { "start": { "line": 38, "column": 2 }, "end": { "line": 38, "column": null } },
      "7": { "start": { "line": 45, "column": 8 }, "end": { "line": 45, "column": null } },
      "8": { "start": { "line": 46, "column": 2 }, "end": { "line": 50, "column": null } },
      "9": { "start": { "line": 47, "column": 4 }, "end": { "line": 49, "column": null } },
      "10": { "start": { "line": 57, "column": 19 }, "end": { "line": 57, "column": null } },
      "11": { "start": { "line": 59, "column": 2 }, "end": { "line": 63, "column": null } },
      "12": { "start": { "line": 60, "column": 4 }, "end": { "line": 62, "column": null } },
      "13": { "start": { "line": 65, "column": 2 }, "end": { "line": 67, "column": null } },
      "14": { "start": { "line": 66, "column": 4 }, "end": { "line": 66, "column": null } },
      "15": { "start": { "line": 74, "column": 19 }, "end": { "line": 74, "column": null } },
      "16": { "start": { "line": 77, "column": 2 }, "end": { "line": 86, "column": null } },
      "17": { "start": { "line": 78, "column": 10 }, "end": { "line": 78, "column": null } },
      "18": { "start": { "line": 79, "column": 4 }, "end": { "line": 82, "column": null } },
      "19": { "start": { "line": 81, "column": 6 }, "end": { "line": 81, "column": null } },
      "20": { "start": { "line": 83, "column": 4 }, "end": { "line": 85, "column": null } },
      "21": { "start": { "line": 89, "column": 2 }, "end": { "line": 93, "column": null } },
      "22": { "start": { "line": 90, "column": 4 }, "end": { "line": 92, "column": null } },
      "23": { "start": { "line": 100, "column": 2 }, "end": { "line": 102, "column": null } },
      "24": { "start": { "line": 101, "column": 4 }, "end": { "line": 101, "column": null } },
      "25": { "start": { "line": 105, "column": 20 }, "end": { "line": 107, "column": null } },
      "26": { "start": { "line": 110, "column": 2 }, "end": { "line": 112, "column": null } },
      "27": { "start": { "line": 111, "column": 4 }, "end": { "line": 111, "column": null } },
      "28": { "start": { "line": 114, "column": 2 }, "end": { "line": 116, "column": null } },
      "29": { "start": { "line": 115, "column": 4 }, "end": { "line": 115, "column": null } },
      "30": { "start": { "line": 119, "column": 29 }, "end": { "line": 124, "column": null } },
      "31": { "start": { "line": 126, "column": 2 }, "end": { "line": 132, "column": null } },
      "32": { "start": { "line": 127, "column": 4 }, "end": { "line": 131, "column": null } },
      "33": { "start": { "line": 130, "column": 6 }, "end": { "line": 130, "column": null } },
      "34": { "start": { "line": 134, "column": 2 }, "end": { "line": 134, "column": null } },
      "35": { "start": { "line": 142, "column": 2 }, "end": { "line": 142, "column": null } },
      "36": { "start": { "line": 145, "column": 28 }, "end": { "line": 145, "column": null } },
      "37": { "start": { "line": 148, "column": 2 }, "end": { "line": 148, "column": null } },
      "38": { "start": { "line": 151, "column": 2 }, "end": { "line": 151, "column": null } }
    },
    "fnMap": {
      "0": {
        "name": "sanitizeFilename",
        "decl": { "start": { "line": 28, "column": 16 }, "end": { "line": 28, "column": 33 } },
        "loc": { "start": { "line": 28, "column": 59 }, "end": { "line": 39, "column": null } },
        "line": 28
      },
      "1": {
        "name": "validateExtension",
        "decl": { "start": { "line": 44, "column": 16 }, "end": { "line": 44, "column": 34 } },
        "loc": { "start": { "line": 44, "column": 58 }, "end": { "line": 51, "column": null } },
        "line": 44
      },
      "2": {
        "name": "validateFileSize",
        "decl": { "start": { "line": 56, "column": 16 }, "end": { "line": 56, "column": 33 } },
        "loc": { "start": { "line": 56, "column": 53 }, "end": { "line": 68, "column": null } },
        "line": 56
      },
      "3": {
        "name": "validateMimeType",
        "decl": { "start": { "line": 73, "column": 22 }, "end": { "line": 73, "column": 39 } },
        "loc": { "start": { "line": 73, "column": 88 }, "end": { "line": 94, "column": null } },
        "line": 73
      },
      "4": {
        "name": "sanitizeQuery",
        "decl": { "start": { "line": 99, "column": 16 }, "end": { "line": 99, "column": 30 } },
        "loc": { "start": { "line": 99, "column": 53 }, "end": { "line": 135, "column": null } },
        "line": 99
      },
      "5": {
        "name": "validateFile",
        "decl": { "start": { "line": 140, "column": 22 }, "end": { "line": 140, "column": 35 } },
        "loc": { "start": { "line": 140, "column": 98 }, "end": { "line": 152, "column": null } },
        "line": 140
      }
    },
    "branchMap": {
      "0": {
        "loc": { "start": { "line": 34, "column": 2 }, "end": { "line": 36, "column": null } },
        "type": "if",
        "locations": [
          { "start": { "line": 34, "column": 2 }, "end": { "line": 36, "column": null } },
          { "start": {}, "end": {} }
        ],
        "line": 34
      },
      "1": {
        "loc": { "start": { "line": 34, "column": 6 }, "end": { "line": 34, "column": 44 } },
        "type": "binary-expr",
        "locations": [
          { "start": { "line": 34, "column": 6 }, "end": { "line": 34, "column": 20 } },
          { "start": { "line": 34, "column": 20 }, "end": { "line": 34, "column": 44 } }
        ],
        "line": 34
      },
      "2": {
        "loc": { "start": { "line": 46, "column": 2 }, "end": { "line": 50, "column": null } },
        "type": "if",
        "locations": [
          { "start": { "line": 46, "column": 2 }, "end": { "line": 50, "column": null } },
          { "start": {}, "end": {} }
        ],
        "line": 46
      },
      "3": {
        "loc": { "start": { "line": 59, "column": 2 }, "end": { "line": 63, "column": null } },
        "type": "if",
        "locations": [
          { "start": { "line": 59, "column": 2 }, "end": { "line": 63, "column": null } },
          { "start": {}, "end": {} }
        ],
        "line": 59
      },
      "4": {
        "loc": { "start": { "line": 65, "column": 2 }, "end": { "line": 67, "column": null } },
        "type": "if",
        "locations": [
          { "start": { "line": 65, "column": 2 }, "end": { "line": 67, "column": null } },
          { "start": {}, "end": {} }
        ],
        "line": 65
      },
      "5": {
        "loc": { "start": { "line": 77, "column": 2 }, "end": { "line": 86, "column": null } },
        "type": "if",
        "locations": [
          { "start": { "line": 77, "column": 2 }, "end": { "line": 86, "column": null } },
          { "start": {}, "end": {} }
        ],
        "line": 77
      },
      "6": {
        "loc": { "start": { "line": 79, "column": 4 }, "end": { "line": 82, "column": null } },
        "type": "if",
        "locations": [
          { "start": { "line": 79, "column": 4 }, "end": { "line": 82, "column": null } },
          { "start": {}, "end": {} }
        ],
        "line": 79
      },
      "7": {
        "loc": { "start": { "line": 79, "column": 8 }, "end": { "line": 79, "column": 61 } },
        "type": "binary-expr",
        "locations": [
          { "start": { "line": 79, "column": 8 }, "end": { "line": 79, "column": 26 } },
          { "start": { "line": 79, "column": 26 }, "end": { "line": 79, "column": 45 } },
          { "start": { "line": 79, "column": 45 }, "end": { "line": 79, "column": 61 } }
        ],
        "line": 79
      },
      "8": {
        "loc": { "start": { "line": 89, "column": 2 }, "end": { "line": 93, "column": null } },
        "type": "if",
        "locations": [
          { "start": { "line": 89, "column": 2 }, "end": { "line": 93, "column": null } },
          { "start": {}, "end": {} }
        ],
        "line": 89
      },
      "9": {
        "loc": { "start": { "line": 100, "column": 2 }, "end": { "line": 102, "column": null } },
        "type": "if",
        "locations": [
          { "start": { "line": 100, "column": 2 }, "end": { "line": 102, "column": null } },
          { "start": {}, "end": {} }
        ],
        "line": 100
      },
      "10": {
        "loc": { "start": { "line": 100, "column": 6 }, "end": { "line": 100, "column": 43 } },
        "type": "binary-expr",
        "locations": [
          { "start": { "line": 100, "column": 6 }, "end": { "line": 100, "column": 16 } },
          { "start": { "line": 100, "column": 16 }, "end": { "line": 100, "column": 43 } }
        ],
        "line": 100
      },
      "11": {
        "loc": { "start": { "line": 110, "column": 2 }, "end": { "line": 112, "column": null } },
        "type": "if",
        "locations": [
          { "start": { "line": 110, "column": 2 }, "end": { "line": 112, "column": null } },
          { "start": {}, "end": {} }
        ],
        "line": 110
      },
      "12": {
        "loc": { "start": { "line": 114, "column": 2 }, "end": { "line": 116, "column": null } },
        "type": "if",
        "locations": [
          { "start": { "line": 114, "column": 2 }, "end": { "line": 116, "column": null } },
          { "start": {}, "end": {} }
        ],
        "line": 114
      },
      "13": {
        "loc": { "start": { "line": 127, "column": 4 }, "end": { "line": 131, "column": null } },
        "type": "if",
        "locations": [
          { "start": { "line": 127, "column": 4 }, "end": { "line": 131, "column": null } },
          { "start": {}, "end": {} }
        ],
        "line": 127
      }
    },
    "s": {
      "0": 12,
      "1": 12,
      "2": 12,
      "3": 29,
      "4": 29,
      "5": 2,
      "6": 27,
      "7": 18,
      "8": 18,
      "9": 3,
      "10": 15,
      "11": 15,
      "12": 2,
      "13": 13,
      "14": 1,
      "15": 14,
      "16": 14,
      "17": 3,
      "18": 3,
      "19": 2,
      "20": 1,
      "21": 11,
      "22": 1,
      "23": 42,
      "24": 5,
      "25": 37,
      "26": 37,
      "27": 2,
      "28": 35,
      "29": 3,
      "30": 32,
      "31": 32,
      "32": 128,
      "33": 2,
      "34": 32,
      "35": 11,
      "36": 11,
      "37": 11,
      "38": 11
    },
    "f": { "0": 29, "1": 18, "2": 15, "3": 14, "4": 42, "5": 11 },
    "b": {
      "0": [2, 27],
      "1": [29, 27],
      "2": [3, 15],
      "3": [2, 13],
      "4": [1, 12],
      "5": [3, 11],
      "6": [2, 1],
      "7": [3, 2, 1],
      "8": [1, 10],
      "9": [5, 37],
      "10": [42, 38],
      "11": [2, 35],
      "12": [3, 32],
      "13": [2, 126]
    },
    "meta": {
      "lastBranch": 14,
      "lastFunction": 6,
      "lastStatement": 39,
      "seen": {
        "s:12:27:17:Infinity": 0,
        "s:20:27:20:Infinity": 1,
        "s:23:25:23:Infinity": 2,
        "f:28:16:28:33": 0,
        "s:30:8:32:Infinity": 3,
        "b:34:2:36:Infinity:undefined:undefined:undefined:undefined": 0,
        "s:34:2:36:Infinity": 4,
        "b:34:6:34:20:34:20:34:44": 1,
        "s:35:4:35:Infinity": 5,
        "s:38:2:38:Infinity": 6,
        "f:44:16:44:34": 1,
        "s:45:8:45:Infinity": 7,
        "b:46:2:50:Infinity:undefined:undefined:undefined:undefined": 2,
        "s:46:2:50:Infinity": 8,
        "s:47:4:49:Infinity": 9,
        "f:56:16:56:33": 2,
        "s:57:19:57:Infinity": 10,
        "b:59:2:63:Infinity:undefined:undefined:undefined:undefined": 3,
        "s:59:2:63:Infinity": 11,
        "s:60:4:62:Infinity": 12,
        "b:65:2:67:Infinity:undefined:undefined:undefined:undefined": 4,
        "s:65:2:67:Infinity": 13,
        "s:66:4:66:Infinity": 14,
        "f:73:22:73:39": 3,
        "s:74:19:74:Infinity": 15,
        "b:77:2:86:Infinity:undefined:undefined:undefined:undefined": 5,
        "s:77:2:86:Infinity": 16,
        "s:78:10:78:Infinity": 17,
        "b:79:4:82:Infinity:undefined:undefined:undefined:undefined": 6,
        "s:79:4:82:Infinity": 18,
        "b:79:8:79:26:79:26:79:45:79:45:79:61": 7,
        "s:81:6:81:Infinity": 19,
        "s:83:4:85:Infinity": 20,
        "b:89:2:93:Infinity:undefined:undefined:undefined:undefined": 8,
        "s:89:2:93:Infinity": 21,
        "s:90:4:92:Infinity": 22,
        "f:99:16:99:30": 4,
        "b:100:2:102:Infinity:undefined:undefined:undefined:undefined": 9,
        "s:100:2:102:Infinity": 23,
        "b:100:6:100:16:100:16:100:43": 10,
        "s:101:4:101:Infinity": 24,
        "s:105:20:107:Infinity": 25,
        "b:110:2:112:Infinity:undefined:undefined:undefined:undefined": 11,
        "s:110:2:112:Infinity": 26,
        "s:111:4:111:Infinity": 27,
        "b:114:2:116:Infinity:undefined:undefined:undefined:undefined": 12,
        "s:114:2:116:Infinity": 28,
        "s:115:4:115:Infinity": 29,
        "s:119:29:124:Infinity": 30,
        "s:126:2:132:Infinity": 31,
        "b:127:4:131:Infinity:undefined:undefined:undefined:undefined": 13,
        "s:127:4:131:Infinity": 32,
        "s:130:6:130:Infinity": 33,
        "s:134:2:134:Infinity": 34,
        "f:140:22:140:35": 5,
        "s:142:2:142:Infinity": 35,
        "s:145:28:145:Infinity": 36,
        "s:148:2:148:Infinity": 37,
        "s:151:2:151:Infinity": 38
      }
    }
  },
  "/Users/gleyvercastro/IA/src/domain/entities/chunker.ts": {
    "path": "/Users/gleyvercastro/IA/src/domain/entities/chunker.ts",
    "statementMap": {
      "0": { "start": { "line": 36, "column": 4 }, "end": { "line": 36, "column": null } },
      "1": { "start": { "line": 37, "column": 4 }, "end": { "line": 37, "column": null } },
      "2": { "start": { "line": 42, "column": 4 }, "end": { "line": 42, "column": null } },
      "3": { "start": { "line": 46, "column": 4 }, "end": { "line": 46, "column": null } },
      "4": { "start": { "line": 46, "column": 22 }, "end": { "line": 46, "column": null } },
      "5": { "start": { "line": 48, "column": 28 }, "end": { "line": 48, "column": null } },
      "6": { "start": { "line": 49, "column": 23 }, "end": { "line": 49, "column": null } },
      "7": { "start": { "line": 50, "column": 16 }, "end": { "line": 50, "column": null } },
      "8": { "start": { "line": 52, "column": 4 }, "end": { "line": 95, "column": null } },
      "9": { "start": { "line": 53, "column": 18 }, "end": { "line": 53, "column": null } },
      "10": { "start": { "line": 55, "column": 6 }, "end": { "line": 68, "column": null } },
      "11": { "start": { "line": 56, "column": 22 }, "end": { "line": 56, "column": null } },
      "12": { "start": { "line": 57, "column": 8 }, "end": { "line": 66, "column": null } },
      "13": { "start": { "line": 58, "column": 10 }, "end": { "line": 65, "column": null } },
      "14": { "start": { "line": 67, "column": 8 }, "end": { "line": 67, "column": null } },
      "15": { "start": { "line": 71, "column": 30 }, "end": { "line": 76, "column": null } },
      "16": { "start": { "line": 78, "column": 22 }, "end": { "line": 78, "column": null } },
      "17": { "start": { "line": 78, "column": 66 }, "end": { "line": 78, "column": 77 } },
      "18": { "start": { "line": 79, "column": 20 }, "end": { "line": 79, "column": null } },
      "19": { "start": { "line": 81, "column": 6 }, "end": { "line": 90, "column": null } },
      "20": { "start": { "line": 82, "column": 8 }, "end": { "line": 89, "column": null } },
      "21": { "start": { "line": 93, "column": 27 }, "end": { "line": 93, "column": null } },
      "22": { "start": { "line": 94, "column": 6 }, "end": { "line": 94, "column": null } },
      "23": { "start": { "line": 98, "column": 4 }, "end": { "line": 100, "column": null } },
      "24": { "start": { "line": 99, "column": 6 }, "end": { "line": 99, "column": null } },
      "25": { "start": { "line": 102, "column": 4 }, "end": { "line": 102, "column": null } }
    },
    "fnMap": {
      "0": {
        "name": "(anonymous_0)",
        "decl": { "start": { "line": 32, "column": 2 }, "end": { "line": 32, "column": 14 } },
        "loc": { "start": { "line": 35, "column": 57 }, "end": { "line": 38, "column": null } },
        "line": 35
      },
      "1": {
        "name": "(anonymous_1)",
        "decl": { "start": { "line": 41, "column": 2 }, "end": { "line": 41, "column": 14 } },
        "loc": { "start": { "line": 41, "column": 36 }, "end": { "line": 43, "column": null } },
        "line": 41
      },
      "2": {
        "name": "(anonymous_2)",
        "decl": { "start": { "line": 45, "column": 2 }, "end": { "line": 45, "column": 15 } },
        "loc": { "start": { "line": 45, "column": 68 }, "end": { "line": 103, "column": null } },
        "line": 45
      },
      "3": {
        "name": "(anonymous_3)",
        "decl": { "start": { "line": 78, "column": 57 }, "end": { "line": 78, "column": 58 } },
        "loc": { "start": { "line": 78, "column": 66 }, "end": { "line": 78, "column": 77 } },
        "line": 78
      },
      "4": {
        "name": "(anonymous_4)",
        "decl": { "start": { "line": 98, "column": 19 }, "end": { "line": 98, "column": 20 } },
        "loc": { "start": { "line": 98, "column": 30 }, "end": { "line": 100, "column": 5 } },
        "line": 98
      }
    },
    "branchMap": {
      "0": {
        "loc": { "start": { "line": 32, "column": 14 }, "end": { "line": 35, "column": 57 } },
        "type": "default-arg",
        "locations": [
          { "start": { "line": 35, "column": 53 }, "end": { "line": 35, "column": 57 } }
        ],
        "line": 32
      },
      "1": {
        "loc": { "start": { "line": 33, "column": 4 }, "end": { "line": 33, "column": null } },
        "type": "default-arg",
        "locations": [
          { "start": { "line": 33, "column": 16 }, "end": { "line": 33, "column": null } }
        ],
        "line": 33
      },
      "2": {
        "loc": { "start": { "line": 34, "column": 4 }, "end": { "line": 34, "column": null } },
        "type": "default-arg",
        "locations": [
          { "start": { "line": 34, "column": 19 }, "end": { "line": 34, "column": null } }
        ],
        "line": 34
      },
      "3": {
        "loc": { "start": { "line": 45, "column": 29 }, "end": { "line": 45, "column": 68 } },
        "type": "default-arg",
        "locations": [
          { "start": { "line": 45, "column": 55 }, "end": { "line": 45, "column": 68 } }
        ],
        "line": 45
      },
      "4": {
        "loc": { "start": { "line": 46, "column": 4 }, "end": { "line": 46, "column": null } },
        "type": "if",
        "locations": [
          { "start": { "line": 46, "column": 4 }, "end": { "line": 46, "column": null } },
          { "start": {}, "end": {} }
        ],
        "line": 46
      },
      "5": {
        "loc": { "start": { "line": 55, "column": 6 }, "end": { "line": 68, "column": null } },
        "type": "if",
        "locations": [
          { "start": { "line": 55, "column": 6 }, "end": { "line": 68, "column": null } },
          { "start": {}, "end": {} }
        ],
        "line": 55
      },
      "6": {
        "loc": { "start": { "line": 57, "column": 8 }, "end": { "line": 66, "column": null } },
        "type": "if",
        "locations": [
          { "start": { "line": 57, "column": 8 }, "end": { "line": 66, "column": null } },
          { "start": {}, "end": {} }
        ],
        "line": 57
      },
      "7": {
        "loc": { "start": { "line": 81, "column": 6 }, "end": { "line": 90, "column": null } },
        "type": "if",
        "locations": [
          { "start": { "line": 81, "column": 6 }, "end": { "line": 90, "column": null } },
          { "start": {}, "end": {} }
        ],
        "line": 81
      },
      "8": {
        "loc": { "start": { "line": 94, "column": 14 }, "end": { "line": 94, "column": null } },
        "type": "cond-expr",
        "locations": [
          { "start": { "line": 94, "column": 37 }, "end": { "line": 94, "column": 52 } },
          { "start": { "line": 94, "column": 52 }, "end": { "line": 94, "column": null } }
        ],
        "line": 94
      }
    },
    "s": {
      "0": 12,
      "1": 12,
      "2": 13,
      "3": 10,
      "4": 2,
      "5": 8,
      "6": 8,
      "7": 8,
      "8": 8,
      "9": 9,
      "10": 9,
      "11": 8,
      "12": 8,
      "13": 8,
      "14": 8,
      "15": 1,
      "16": 1,
      "17": 4,
      "18": 1,
      "19": 1,
      "20": 1,
      "21": 1,
      "22": 1,
      "23": 8,
      "24": 9,
      "25": 8
    },
    "f": { "0": 12, "1": 13, "2": 10, "3": 4, "4": 9 },
    "b": {
      "0": [12],
      "1": [12],
      "2": [12],
      "3": [10],
      "4": [2, 8],
      "5": [8, 1],
      "6": [8, 0],
      "7": [1, 0],
      "8": [1, 0]
    },
    "meta": {
      "lastBranch": 9,
      "lastFunction": 5,
      "lastStatement": 26,
      "seen": {
        "f:32:2:32:14": 0,
        "b:35:53:35:57": 0,
        "b:33:16:33:Infinity": 1,
        "b:34:19:34:Infinity": 2,
        "s:36:4:36:Infinity": 0,
        "s:37:4:37:Infinity": 1,
        "f:41:2:41:14": 1,
        "s:42:4:42:Infinity": 2,
        "f:45:2:45:15": 2,
        "b:45:55:45:68": 3,
        "b:46:4:46:Infinity:undefined:undefined:undefined:undefined": 4,
        "s:46:4:46:Infinity": 3,
        "s:46:22:46:Infinity": 4,
        "s:48:28:48:Infinity": 5,
        "s:49:23:49:Infinity": 6,
        "s:50:16:50:Infinity": 7,
        "s:52:4:95:Infinity": 8,
        "s:53:18:53:Infinity": 9,
        "b:55:6:68:Infinity:undefined:undefined:undefined:undefined": 5,
        "s:55:6:68:Infinity": 10,
        "s:56:22:56:Infinity": 11,
        "b:57:8:66:Infinity:undefined:undefined:undefined:undefined": 6,
        "s:57:8:66:Infinity": 12,
        "s:58:10:65:Infinity": 13,
        "s:67:8:67:Infinity": 14,
        "s:71:30:76:Infinity": 15,
        "s:78:22:78:Infinity": 16,
        "f:78:57:78:58": 3,
        "s:78:66:78:77": 17,
        "s:79:20:79:Infinity": 18,
        "b:81:6:90:Infinity:undefined:undefined:undefined:undefined": 7,
        "s:81:6:90:Infinity": 19,
        "s:82:8:89:Infinity": 20,
        "s:93:27:93:Infinity": 21,
        "s:94:6:94:Infinity": 22,
        "b:94:37:94:52:94:52:94:Infinity": 8,
        "s:98:4:100:Infinity": 23,
        "f:98:19:98:20": 4,
        "s:99:6:99:Infinity": 24,
        "s:102:4:102:Infinity": 25
      }
    }
  },
  "/Users/gleyvercastro/IA/src/domain/services/retriever.ts": {
    "path": "/Users/gleyvercastro/IA/src/domain/services/retriever.ts",
    "statementMap": {
      "0": { "start": { "line": 22, "column": 4 }, "end": { "line": 22, "column": null } },
      "1": { "start": { "line": 23, "column": 4 }, "end": { "line": 23, "column": null } },
      "2": { "start": { "line": 31, "column": 4 }, "end": { "line": 31, "column": null } },
      "3": { "start": { "line": 32, "column": 27 }, "end": { "line": 32, "column": null } },
      "4": { "start": { "line": 33, "column": 4 }, "end": { "line": 33, "column": null } },
      "5": { "start": { "line": 36, "column": 20 }, "end": { "line": 36, "column": null } },
      "6": { "start": { "line": 38, "column": 4 }, "end": { "line": 48, "column": null } },
      "7": { "start": { "line": 39, "column": 6 }, "end": { "line": 45, "column": null } },
      "8": { "start": { "line": 42, "column": 43 }, "end": { "line": 42, "column": 66 } },
      "9": { "start": { "line": 47, "column": 6 }, "end": { "line": 47, "column": null } },
      "10": { "start": { "line": 50, "column": 4 }, "end": { "line": 50, "column": null } }
    },
    "fnMap": {
      "0": {
        "name": "(anonymous_0)",
        "decl": { "start": { "line": 15, "column": 2 }, "end": { "line": 15, "column": 14 } },
        "loc": { "start": { "line": 21, "column": 5 }, "end": { "line": 24, "column": null } },
        "line": 21
      },
      "1": {
        "name": "(anonymous_1)",
        "decl": { "start": { "line": 26, "column": 8 }, "end": { "line": 26, "column": null } },
        "loc": { "start": { "line": 29, "column": 29 }, "end": { "line": 51, "column": null } },
        "line": 29
      },
      "2": {
        "name": "(anonymous_2)",
        "decl": { "start": { "line": 42, "column": 36 }, "end": { "line": 42, "column": 37 } },
        "loc": { "start": { "line": 42, "column": 43 }, "end": { "line": 42, "column": 66 } },
        "line": 42
      }
    },
    "branchMap": {
      "0": {
        "loc": { "start": { "line": 28, "column": 4 }, "end": { "line": 28, "column": null } },
        "type": "default-arg",
        "locations": [
          { "start": { "line": 28, "column": 52 }, "end": { "line": 28, "column": null } }
        ],
        "line": 28
      },
      "1": {
        "loc": { "start": { "line": 28, "column": 6 }, "end": { "line": 28, "column": 17 } },
        "type": "default-arg",
        "locations": [
          { "start": { "line": 28, "column": 13 }, "end": { "line": 28, "column": 17 } }
        ],
        "line": 28
      },
      "2": {
        "loc": { "start": { "line": 28, "column": 17 }, "end": { "line": 28, "column": 31 } },
        "type": "default-arg",
        "locations": [
          { "start": { "line": 28, "column": 26 }, "end": { "line": 28, "column": 31 } }
        ],
        "line": 28
      },
      "3": {
        "loc": { "start": { "line": 38, "column": 4 }, "end": { "line": 48, "column": null } },
        "type": "if",
        "locations": [
          { "start": { "line": 38, "column": 4 }, "end": { "line": 48, "column": null } },
          { "start": { "line": 46, "column": 11 }, "end": { "line": 48, "column": null } }
        ],
        "line": 38
      }
    },
    "s": {
      "0": 8,
      "1": 8,
      "2": 5,
      "3": 5,
      "4": 5,
      "5": 5,
      "6": 5,
      "7": 1,
      "8": 2,
      "9": 4,
      "10": 5
    },
    "f": { "0": 8, "1": 5, "2": 2 },
    "b": { "0": [5], "1": [5], "2": [5], "3": [1, 4] },
    "meta": {
      "lastBranch": 4,
      "lastFunction": 3,
      "lastStatement": 11,
      "seen": {
        "f:15:2:15:14": 0,
        "s:22:4:22:Infinity": 0,
        "s:23:4:23:Infinity": 1,
        "f:26:8:26:Infinity": 1,
        "b:28:52:28:Infinity": 0,
        "b:28:13:28:17": 1,
        "b:28:26:28:31": 2,
        "s:31:4:31:Infinity": 2,
        "s:32:27:32:Infinity": 3,
        "s:33:4:33:Infinity": 4,
        "s:36:20:36:Infinity": 5,
        "b:38:4:48:Infinity:46:11:48:Infinity": 3,
        "s:38:4:48:Infinity": 6,
        "s:39:6:45:Infinity": 7,
        "f:42:36:42:37": 2,
        "s:42:43:42:66": 8,
        "s:47:6:47:Infinity": 9,
        "s:50:4:50:Infinity": 10
      }
    }
  },
  "/Users/gleyvercastro/IA/src/domain/useCases/executeQueryUseCase.ts": {
    "path": "/Users/gleyvercastro/IA/src/domain/useCases/executeQueryUseCase.ts",
    "statementMap": {
      "0": { "start": { "line": 31, "column": 12 }, "end": { "line": 31, "column": null } },
      "1": { "start": { "line": 32, "column": 12 }, "end": { "line": 32, "column": null } },
      "2": { "start": { "line": 36, "column": 24 }, "end": { "line": 36, "column": null } },
      "3": { "start": { "line": 39, "column": 4 }, "end": { "line": 61, "column": null } },
      "4": { "start": { "line": 40, "column": 6 }, "end": { "line": 40, "column": null } },
      "5": { "start": { "line": 41, "column": 24 }, "end": { "line": 41, "column": null } },
      "6": { "start": { "line": 42, "column": 28 }, "end": { "line": 42, "column": null } },
      "7": { "start": { "line": 44, "column": 6 }, "end": { "line": 60, "column": null } },
      "8": { "start": { "line": 46, "column": 23 }, "end": { "line": 46, "column": null } },
      "9": { "start": { "line": 48, "column": 8 }, "end": { "line": 59, "column": null } },
      "10": { "start": { "line": 50, "column": 47 }, "end": { "line": 54, "column": 12 } },
      "11": { "start": { "line": 64, "column": 19 }, "end": { "line": 64, "column": null } },
      "12": { "start": { "line": 66, "column": 4 }, "end": { "line": 73, "column": null } }
    },
    "fnMap": {
      "0": {
        "name": "(anonymous_0)",
        "decl": { "start": { "line": 30, "column": 2 }, "end": { "line": 30, "column": null } },
        "loc": { "start": { "line": 33, "column": 4 }, "end": { "line": 33, "column": null } },
        "line": 33
      },
      "1": {
        "name": "(anonymous_1)",
        "decl": { "start": { "line": 35, "column": 8 }, "end": { "line": 35, "column": 16 } },
        "loc": { "start": { "line": 35, "column": 75 }, "end": { "line": 74, "column": null } },
        "line": 35
      },
      "2": {
        "name": "(anonymous_2)",
        "decl": { "start": { "line": 50, "column": 37 }, "end": { "line": 50, "column": 38 } },
        "loc": { "start": { "line": 50, "column": 47 }, "end": { "line": 54, "column": 12 } },
        "line": 50
      }
    },
    "branchMap": {
      "0": {
        "loc": { "start": { "line": 39, "column": 4 }, "end": { "line": 61, "column": null } },
        "type": "if",
        "locations": [
          { "start": { "line": 39, "column": 4 }, "end": { "line": 61, "column": null } },
          { "start": {}, "end": {} }
        ],
        "line": 39
      },
      "1": {
        "loc": { "start": { "line": 39, "column": 8 }, "end": { "line": 39, "column": 45 } },
        "type": "binary-expr",
        "locations": [
          { "start": { "line": 39, "column": 8 }, "end": { "line": 39, "column": 27 } },
          { "start": { "line": 39, "column": 27 }, "end": { "line": 39, "column": 45 } }
        ],
        "line": 39
      },
      "2": {
        "loc": { "start": { "line": 44, "column": 6 }, "end": { "line": 60, "column": null } },
        "type": "if",
        "locations": [
          { "start": { "line": 44, "column": 6 }, "end": { "line": 60, "column": null } },
          { "start": {}, "end": {} }
        ],
[...]
        "line": 78
      },
      "5": {
        "loc": { "start": { "line": 82, "column": 27 }, "end": { "line": 82, "column": null } },
        "type": "cond-expr",
        "locations": [
          { "start": { "line": 82, "column": 52 }, "end": { "line": 82, "column": 68 } },
          { "start": { "line": 82, "column": 68 }, "end": { "line": 82, "column": null } }
        ],
        "line": 82
      }
    },
    "s": {
      "0": 3,
      "1": 9,
      "2": 6,
      "3": 6,
      "4": 6,
      "5": 6,
      "6": 3,
      "7": 3,
      "8": 6,
      "9": 6,
      "10": 6,
      "11": 2,
      "12": 3,
      "13": 3,
      "14": 3,
      "15": 0,
      "16": 3,
      "17": 3,
      "18": 3,
      "19": 3
    },
    "f": { "0": 9, "1": 6, "2": 2 },
    "b": { "0": [2, 1], "1": [2, 1], "2": [2, 1], "3": [3, 0], "4": [0, 3], "5": [3, 0] },
    "meta": {
      "lastBranch": 6,
      "lastFunction": 3,
      "lastStatement": 20,
      "seen": {
        "s:28:7:87:Infinity": 0,
        "f:31:2:31:Infinity": 0,
        "s:36:4:36:Infinity": 1,
        "f:39:8:39:Infinity": 1,
        "s:44:22:44:Infinity": 2,
        "s:46:4:85:Infinity": 3,
        "s:48:22:48:Infinity": 4,
        "s:51:21:55:Infinity": 5,
        "s:57:12:57:Infinity": 6,
        "s:58:6:58:Infinity": 7,
        "b:58:60:58:69:58:69:58:77": 0,
        "s:59:6:59:Infinity": 8,
        "b:59:49:59:58:59:58:59:66": 1,
        "s:61:6:64:Infinity": 9,
        "b:63:38:63:46:63:46:63:51": 2,
        "s:66:6:73:Infinity": 10,
        "f:68:36:68:37": 2,
        "s:68:43:68:49": 11,
        "s:75:12:75:Infinity": 12,
        "s:76:6:76:Infinity": 13,
        "b:76:49:76:58:76:58:76:66": 3,
        "b:78:6:80:Infinity:undefined:undefined:undefined:undefined": 4,
        "s:78:6:80:Infinity": 14,
        "s:79:8:79:Infinity": 15,
        "s:82:27:82:Infinity": 16,
        "b:82:52:82:68:82:68:82:Infinity": 5,
        "s:83:6:83:Infinity": 17,
        "s:84:6:84:Infinity": 18,
        "s:28:13:28:26": 19
      }
    }
  },
  "/Users/gleyvercastro/IA/src/shared/errors/errors.ts": {
    "path": "/Users/gleyvercastro/IA/src/shared/errors/errors.ts",
    "statementMap": {
      "0": { "start": { "line": 13, "column": 4 }, "end": { "line": 13, "column": null } },
      "1": { "start": { "line": 9, "column": 11 }, "end": { "line": 9, "column": null } },
      "2": { "start": { "line": 10, "column": 11 }, "end": { "line": 10, "column": 32 } },
      "3": { "start": { "line": 11, "column": 11 }, "end": { "line": 11, "column": null } },
      "4": { "start": { "line": 14, "column": 4 }, "end": { "line": 14, "column": null } },
      "5": { "start": { "line": 15, "column": 4 }, "end": { "line": 15, "column": null } },
      "6": { "start": { "line": 19, "column": 44 }, "end": { "line": 22, "column": null } },
      "7": { "start": { "line": 23, "column": 4 }, "end": { "line": 25, "column": null } },
      "8": { "start": { "line": 24, "column": 6 }, "end": { "line": 24, "column": null } },
      "9": { "start": { "line": 26, "column": 4 }, "end": { "line": 26, "column": null } },
      "10": { "start": { "line": 32, "column": 4 }, "end": { "line": 32, "column": null } },
      "11": { "start": { "line": 38, "column": 4 }, "end": { "line": 38, "column": null } },
      "12": { "start": { "line": 44, "column": 4 }, "end": { "line": 44, "column": null } },
      "13": { "start": { "line": 53, "column": 4 }, "end": { "line": 53, "column": null } }
    },
    "fnMap": {
      "0": {
        "name": "(anonymous_0)",
        "decl": { "start": { "line": 7, "column": 2 }, "end": { "line": 7, "column": null } },
        "loc": { "start": { "line": 12, "column": 4 }, "end": { "line": 16, "column": null } },
        "line": 12
      },
      "1": {
        "name": "(anonymous_1)",
        "decl": { "start": { "line": 18, "column": 2 }, "end": { "line": 18, "column": 11 } },
        "loc": { "start": { "line": 18, "column": 11 }, "end": { "line": 27, "column": null } },
        "line": 18
      },
      "2": {
        "name": "(anonymous_2)",
        "decl": { "start": { "line": 31, "column": 2 }, "end": { "line": 31, "column": 14 } },
        "loc": { "start": { "line": 31, "column": 50 }, "end": { "line": 33, "column": null } },
        "line": 31
      },
      "3": {
        "name": "(anonymous_3)",
        "decl": { "start": { "line": 37, "column": 2 }, "end": { "line": 37, "column": 14 } },
        "loc": { "start": { "line": 37, "column": 50 }, "end": { "line": 39, "column": null } },
        "line": 37
      },
      "4": {
        "name": "(anonymous_4)",
        "decl": { "start": { "line": 43, "column": 2 }, "end": { "line": 43, "column": 14 } },
        "loc": { "start": { "line": 43, "column": 50 }, "end": { "line": 45, "column": null } },
        "line": 43
      },
      "5": {
        "name": "(anonymous_5)",
        "decl": { "start": { "line": 49, "column": 2 }, "end": { "line": 49, "column": null } },
        "loc": { "start": { "line": 52, "column": 4 }, "end": { "line": 54, "column": null } },
        "line": 52
      }
    },
    "branchMap": {
      "0": {
        "loc": { "start": { "line": 10, "column": 11 }, "end": { "line": 10, "column": null } },
        "type": "default-arg",
        "locations": [
          { "start": { "line": 10, "column": 32 }, "end": { "line": 10, "column": null } }
        ],
        "line": 10
      },
      "1": {
        "loc": { "start": { "line": 23, "column": 4 }, "end": { "line": 25, "column": null } },
        "type": "if",
        "locations": [
          { "start": { "line": 23, "column": 4 }, "end": { "line": 25, "column": null } },
          { "start": {}, "end": {} }
        ],
        "line": 23
      },
      "2": {
        "loc": { "start": { "line": 50, "column": 4 }, "end": { "line": 50, "column": null } },
        "type": "default-arg",
        "locations": [
          { "start": { "line": 50, "column": 22 }, "end": { "line": 50, "column": null } }
        ],
        "line": 50
      }
    },
    "s": {
      "0": 63,
      "1": 63,
      "2": 63,
      "3": 63,
      "4": 63,
      "5": 63,
      "6": 2,
      "7": 2,
      "8": 1,
      "9": 2,
      "10": 41,
      "11": 11,
      "12": 1,
      "13": 5
    },
    "f": { "0": 63, "1": 2, "2": 41, "3": 11, "4": 1, "5": 5 },
    "b": { "0": [63], "1": [1, 1], "2": [5] },
    "meta": {
      "lastBranch": 3,
      "lastFunction": 6,
      "lastStatement": 14,
      "seen": {
        "f:7:2:7:Infinity": 0,
        "b:10:32:10:Infinity": 0,
        "s:13:4:13:Infinity": 0,
        "s:9:11:9:Infinity": 1,
        "s:10:11:10:32": 2,
        "s:11:11:11:Infinity": 3,
        "s:14:4:14:Infinity": 4,
        "s:15:4:15:Infinity": 5,
        "f:18:2:18:11": 1,
        "s:19:44:22:Infinity": 6,
        "b:23:4:25:Infinity:undefined:undefined:undefined:undefined": 1,
        "s:23:4:25:Infinity": 7,
        "s:24:6:24:Infinity": 8,
        "s:26:4:26:Infinity": 9,
        "f:31:2:31:14": 2,
        "s:32:4:32:Infinity": 10,
        "f:37:2:37:14": 3,
        "s:38:4:38:Infinity": 11,
        "f:43:2:43:14": 4,
        "s:44:4:44:Infinity": 12,
        "f:49:2:49:Infinity": 5,
        "b:50:22:50:Infinity": 2,
        "s:53:4:53:Infinity": 13
      }
    }
  },
  "/Users/gleyvercastro/IA/src/shared/logging/logger.ts": {
    "path": "/Users/gleyvercastro/IA/src/shared/logging/logger.ts",
    "statementMap": {
      "0": { "start": { "line": 8, "column": 13 }, "end": { "line": 24, "column": null } }
    },
    "fnMap": {},
    "branchMap": {
      "0": {
        "loc": { "start": { "line": 9, "column": 9 }, "end": { "line": 9, "column": null } },
        "type": "binary-expr",
        "locations": [
          { "start": { "line": 9, "column": 9 }, "end": { "line": 9, "column": 34 } },
          { "start": { "line": 9, "column": 34 }, "end": { "line": 9, "column": null } }
        ],
        "line": 9
      },
      "1": {
        "loc": { "start": { "line": 11, "column": 4 }, "end": { "line": 20, "column": null } },
        "type": "cond-expr",
        "locations": [
          { "start": { "line": 12, "column": 8 }, "end": { "line": 19, "column": null } },
          { "start": { "line": 20, "column": 8 }, "end": { "line": 20, "column": null } }
        ],
        "line": 11
      },
      "2": {
        "loc": { "start": { "line": 22, "column": 9 }, "end": { "line": 22, "column": null } },
        "type": "binary-expr",
        "locations": [
          { "start": { "line": 22, "column": 9 }, "end": { "line": 22, "column": 33 } },
          { "start": { "line": 22, "column": 33 }, "end": { "line": 22, "column": null } }
        ],
        "line": 22
      }
    },
    "s": { "0": 16 },
    "f": {},
    "b": { "0": [16, 16], "1": [0, 16], "2": [16, 0] },
    "meta": {
      "lastBranch": 3,
      "lastFunction": 0,
      "lastStatement": 1,
      "seen": {
        "s:8:13:24:Infinity": 0,
        "b:9:9:9:34:9:34:9:Infinity": 0,
        "b:12:8:19:Infinity:20:8:20:Infinity": 1,
        "b:22:9:22:33:22:33:22:Infinity": 2
      }
    }
  },
  "/Users/gleyvercastro/IA/src/shared/types/types.ts": {
    "path": "/Users/gleyvercastro/IA/src/shared/types/types.ts",
    "statementMap": {
      "0": { "start": { "line": 74, "column": 21 }, "end": { "line": 94, "column": null } }
    },
    "fnMap": {},
    "branchMap": {},
    "s": { "0": 4 },
    "f": {},
    "b": {},
    "meta": {
      "lastBranch": 0,
      "lastFunction": 0,
      "lastStatement": 1,
      "seen": { "s:74:21:94:Infinity": 0 }
    }
  },
  "/Users/gleyvercastro/IA/src/shared/utils/utils.ts": {
    "path": "/Users/gleyvercastro/IA/src/shared/utils/utils.ts",
    "statementMap": {
      "0": { "start": { "line": 16, "column": 2 }, "end": { "line": 18, "column": null } },
      "1": { "start": { "line": 17, "column": 4 }, "end": { "line": 17, "column": null } },
      "2": { "start": { "line": 20, "column": 19 }, "end": { "line": 20, "column": null } },
      "3": { "start": { "line": 21, "column": 22 }, "end": { "line": 21, "column": null } },
      "4": { "start": { "line": 22, "column": 22 }, "end": { "line": 22, "column": null } },
      "5": { "start": { "line": 25, "column": 2 }, "end": { "line": 29, "column": null } },
      "6": { "start": { "line": 25, "column": 15 }, "end": { "line": 25, "column": 18 } },
      "7": { "start": { "line": 26, "column": 4 }, "end": { "line": 26, "column": null } },
      "8": { "start": { "line": 27, "column": 4 }, "end": { "line": 27, "column": null } },
      "9": { "start": { "line": 27, "column": 16 }, "end": { "line": 27, "column": null } },
      "10": { "start": { "line": 28, "column": 4 }, "end": { "line": 28, "column": null } },
      "11": { "start": { "line": 28, "column": 16 }, "end": { "line": 28, "column": null } },
      "12": { "start": { "line": 34, "column": 4 }, "end": { "line": 34, "column": null } },
      "13": { "start": { "line": 35, "column": 2 }, "end": { "line": 37, "column": null } },
      "14": { "start": { "line": 36, "column": 4 }, "end": { "line": 36, "column": null } },
      "15": { "start": { "line": 39, "column": 20 }, "end": { "line": 39, "column": null } },
      "16": { "start": { "line": 40, "column": 20 }, "end": { "line": 40, "column": null } },
      "17": { "start": { "line": 41, "column": 22 }, "end": { "line": 41, "column": null } },
      "18": { "start": { "line": 43, "column": 2 }, "end": { "line": 45, "column": null } },
      "19": { "start": { "line": 44, "column": 4 }, "end": { "line": 44, "column": null } },
      "20": { "start": { "line": 47, "column": 2 }, "end": { "line": 47, "column": null } },
      "21": { "start": { "line": 56, "column": 12 }, "end": { "line": 56, "column": null } },
      "22": { "start": { "line": 57, "column": 2 }, "end": { "line": 59, "column": null } },
      "23": { "start": { "line": 57, "column": 15 }, "end": { "line": 57, "column": 18 } },
      "24": { "start": { "line": 58, "column": 4 }, "end": { "line": 58, "column": null } },
      "25": { "start": { "line": 60, "column": 2 }, "end": { "line": 60, "column": null } },
      "26": { "start": { "line": 67, "column": 2 }, "end": { "line": 69, "column": null } },
      "27": { "start": { "line": 68, "column": 4 }, "end": { "line": 68, "column": null } },
      "28": { "start": { "line": 71, "column": 12 }, "end": { "line": 71, "column": null } },
      "29": { "start": { "line": 72, "column": 2 }, "end": { "line": 75, "column": null } },
      "30": { "start": { "line": 72, "column": 15 }, "end": { "line": 72, "column": 18 } },
      "31": { "start": { "line": 73, "column": 17 }, "end": { "line": 73, "column": null } },
      "32": { "start": { "line": 74, "column": 4 }, "end": { "line": 74, "column": null } },
      "33": { "start": { "line": 77, "column": 2 }, "end": { "line": 77, "column": null } }
    },
    "fnMap": {
      "0": {
        "name": "cosineSimilarity",
        "decl": { "start": { "line": 10, "column": 16 }, "end": { "line": 10, "column": null } },
        "loc": { "start": { "line": 15, "column": 10 }, "end": { "line": 48, "column": null } },
        "line": 15
      },
      "1": {
        "name": "calculateNorm",
        "decl": { "start": { "line": 55, "column": 16 }, "end": { "line": 55, "column": 30 } },
        "loc": { "start": { "line": 55, "column": 53 }, "end": { "line": 61, "column": null } },
        "line": 55
      },
      "2": {
        "name": "euclideanDistance",
        "decl": { "start": { "line": 66, "column": 16 }, "end": { "line": 66, "column": 34 } },
        "loc": { "start": { "line": 66, "column": 74 }, "end": { "line": 78, "column": null } },
        "line": 66
      }
    },
    "branchMap": {
      "0": {
        "loc": { "start": { "line": 16, "column": 2 }, "end": { "line": 18, "column": null } },
        "type": "if",
        "locations": [
          { "start": { "line": 16, "column": 2 }, "end": { "line": 18, "column": null } },
          { "start": {}, "end": {} }
        ],
        "line": 16
      },
      "1": {
        "loc": { "start": { "line": 21, "column": 22 }, "end": { "line": 21, "column": null } },
        "type": "binary-expr",
        "locations": [
          { "start": { "line": 21, "column": 22 }, "end": { "line": 21, "column": 31 } },
          { "start": { "line": 21, "column": 31 }, "end": { "line": 21, "column": null } }
        ],
        "line": 21
      },
      "2": {
        "loc": { "start": { "line": 22, "column": 22 }, "end": { "line": 22, "column": null } },
        "type": "binary-expr",
        "locations": [
          { "start": { "line": 22, "column": 22 }, "end": { "line": 22, "column": 31 } },
          { "start": { "line": 22, "column": 31 }, "end": { "line": 22, "column": null } }
        ],
        "line": 22
      },
      "3": {
        "loc": { "start": { "line": 27, "column": 4 }, "end": { "line": 27, "column": null } },
        "type": "if",
        "locations": [
          { "start": { "line": 27, "column": 4 }, "end": { "line": 27, "column": null } },
          { "start": {}, "end": {} }
        ],
        "line": 27
      },
      "4": {
        "loc": { "start": { "line": 28, "column": 4 }, "end": { "line": 28, "column": null } },
        "type": "if",
        "locations": [
          { "start": { "line": 28, "column": 4 }, "end": { "line": 28, "column": null } },
          { "start": {}, "end": {} }
        ],
        "line": 28
      },
      "5": {
        "loc": { "start": { "line": 35, "column": 2 }, "end": { "line": 37, "column": null } },
        "type": "if",
        "locations": [
          { "start": { "line": 35, "column": 2 }, "end": { "line": 37, "column": null } },
          { "start": {}, "end": {} }
        ],
        "line": 35
      },
      "6": {
        "loc": { "start": { "line": 39, "column": 20 }, "end": { "line": 39, "column": null } },
        "type": "cond-expr",
        "locations": [
          { "start": { "line": 39, "column": 28 }, "end": { "line": 39, "column": 47 } },
          { "start": { "line": 39, "column": 47 }, "end": { "line": 39, "column": null } }
        ],
        "line": 39
      },
      "7": {
        "loc": { "start": { "line": 40, "column": 20 }, "end": { "line": 40, "column": null } },
        "type": "cond-expr",
        "locations": [
          { "start": { "line": 40, "column": 28 }, "end": { "line": 40, "column": 47 } },
          { "start": { "line": 40, "column": 47 }, "end": { "line": 40, "column": null } }
        ],
        "line": 40
      },
      "8": {
        "loc": { "start": { "line": 43, "column": 2 }, "end": { "line": 45, "column": null } },
        "type": "if",
        "locations": [
          { "start": { "line": 43, "column": 2 }, "end": { "line": 45, "column": null } },
          { "start": {}, "end": {} }
        ],
        "line": 43
      },
      "9": {
        "loc": { "start": { "line": 67, "column": 2 }, "end": { "line": 69, "column": null } },
        "type": "if",
        "locations": [
          { "start": { "line": 67, "column": 2 }, "end": { "line": 69, "column": null } },
          { "start": {}, "end": {} }
        ],
        "line": 67
      }
    },
    "s": {
      "0": 2136,
      "1": 1,
      "2": 2135,
      "3": 2135,
      "4": 2136,
      "5": 2136,
      "6": 2136,
      "7": 817935,
      "8": 817935,
      "9": 396,
      "10": 817935,
      "11": 396,
      "12": 2135,
      "13": 2135,
      "14": 1,
      "15": 2134,
      "16": 2136,
      "17": 2136,
      "18": 2136,
      "19": 1,
      "20": 2133,
      "21": 15,
      "22": 15,
      "23": 15,
      "24": 4236,
      "25": 15,
      "26": 4,
      "27": 1,
      "28": 3,
      "29": 3,
      "30": 3,
      "31": 390,
      "32": 390,
      "33": 3
    },
    "f": { "0": 2136, "1": 15, "2": 4 },
    "b": {
      "0": [1, 2135],
      "1": [2135, 5],
      "2": [2136, 5],
      "3": [396, 817539],
      "4": [396, 817539],
      "5": [1, 2134],
      "6": [2130, 4],
      "7": [2130, 4],
      "8": [1, 2135],
      "9": [1, 3]
    },
    "meta": {
      "lastBranch": 10,
      "lastFunction": 3,
      "lastStatement": 34,
      "seen": {
        "f:10:16:10:Infinity": 0,
        "b:16:2:18:Infinity:undefined:undefined:undefined:undefined": 0,
        "s:16:2:18:Infinity": 0,
        "s:17:4:17:Infinity": 1,
        "s:20:19:20:Infinity": 2,
        "s:21:22:21:Infinity": 3,
        "b:21:22:21:31:21:31:21:Infinity": 1,
        "s:22:22:22:Infinity": 4,
        "b:22:22:22:31:22:31:22:Infinity": 2,
        "s:25:2:29:Infinity": 5,
        "s:25:15:25:18": 6,
        "s:26:4:26:Infinity": 7,
        "b:27:4:27:Infinity:undefined:undefined:undefined:undefined": 3,
        "s:27:4:27:Infinity": 8,
        "s:27:16:27:Infinity": 9,
        "b:28:4:28:Infinity:undefined:undefined:undefined:undefined": 4,
        "s:28:4:28:Infinity": 10,
        "s:28:16:28:Infinity": 11,
        "s:34:4:34:Infinity": 12,
        "b:35:2:37:Infinity:undefined:undefined:undefined:undefined": 5,
        "s:35:2:37:Infinity": 13,
        "s:36:4:36:Infinity": 14,
        "s:39:20:39:Infinity": 15,
        "b:39:28:39:47:39:47:39:Infinity": 6,
        "s:40:20:40:Infinity": 16,
        "b:40:28:40:47:40:47:40:Infinity": 7,
        "s:41:22:41:Infinity": 17,
        "b:43:2:45:Infinity:undefined:undefined:undefined:undefined": 8,
        "s:43:2:45:Infinity": 18,
        "s:44:4:44:Infinity": 19,
        "s:47:2:47:Infinity": 20,
        "f:55:16:55:30": 1,
        "s:56:12:56:Infinity": 21,
        "s:57:2:59:Infinity": 22,
        "s:57:15:57:18": 23,
        "s:58:4:58:Infinity": 24,
        "s:60:2:60:Infinity": 25,
        "f:66:16:66:34": 2,
        "b:67:2:69:Infinity:undefined:undefined:undefined:undefined": 9,
        "s:67:2:69:Infinity": 26,
        "s:68:4:68:Infinity": 27,
        "s:71:12:71:Infinity": 28,
        "s:72:2:75:Infinity": 29,
        "s:72:15:72:18": 30,
        "s:73:17:73:Infinity": 31,
        "s:74:4:74:Infinity": 32,
        "s:77:2:77:Infinity": 33
      }
    }
  }
}
